Using pre-set license
Built from '2021.2/staging' branch; Version is '2021.2.18f1 (0c6e675195cf) revision 814695'; Using compiler version '192829333'; Build Type 'Release'
OS: 'Windows 10  (10.0.19045) 64bit Professional' Language: 'ja' Physical Memory: 16229 MB
BatchMode: 1, IsHumanControllingUs: 0, StartBugReporterOnCrash: 0, Is64bit: 1, IsPro: 1

COMMAND LINE ARGUMENTS:
C:\Program Files\Unity\Hub\Editor\2021.2.18f1\Editor\Unity.exe
-adb2
-batchMode
-noUpm
-name
AssetImportWorker0
-projectPath
D:/BH_Sotusei_NewGit6/New6_Sotugyouseisaku_10
-logFile
Logs/AssetImportWorker0.log
-srvPort
54293
Successfully changed project path to: D:/BH_Sotusei_NewGit6/New6_Sotugyouseisaku_10
D:/BH_Sotusei_NewGit6/New6_Sotugyouseisaku_10
[UnityMemory] Configuration Parameters - Can be set up in boot.config
    "memorysetup-bucket-allocator-granularity=16"
    "memorysetup-bucket-allocator-bucket-count=8"
    "memorysetup-bucket-allocator-block-size=33554432"
    "memorysetup-bucket-allocator-block-count=8"
    "memorysetup-main-allocator-block-size=16777216"
    "memorysetup-thread-allocator-block-size=16777216"
    "memorysetup-gfx-main-allocator-block-size=16777216"
    "memorysetup-gfx-thread-allocator-block-size=16777216"
    "memorysetup-cache-allocator-block-size=4194304"
    "memorysetup-typetree-allocator-block-size=2097152"
    "memorysetup-profiler-bucket-allocator-granularity=16"
    "memorysetup-profiler-bucket-allocator-bucket-count=8"
    "memorysetup-profiler-bucket-allocator-block-size=33554432"
    "memorysetup-profiler-bucket-allocator-block-count=8"
    "memorysetup-profiler-allocator-block-size=16777216"
    "memorysetup-profiler-editor-allocator-block-size=1048576"
    "memorysetup-temp-allocator-size-main=16777216"
    "memorysetup-job-temp-allocator-block-size=2097152"
    "memorysetup-job-temp-allocator-block-size-background=1048576"
    "memorysetup-job-temp-allocator-reduction-small-platforms=262144"
    "memorysetup-temp-allocator-size-background-worker=32768"
    "memorysetup-temp-allocator-size-job-worker=262144"
    "memorysetup-temp-allocator-size-preload-manager=33554432"
    "memorysetup-temp-allocator-size-nav-mesh-worker=65536"
    "memorysetup-temp-allocator-size-audio-worker=65536"
    "memorysetup-temp-allocator-size-cloud-worker=32768"
    "memorysetup-temp-allocator-size-gi-baking-worker=262144"
    "memorysetup-temp-allocator-size-gfx=262144"
Refreshing native plugins compatible for Editor in 272.91 ms, found 13 plugins.
Preloading 1 native plugins for Editor in 24.95 ms.
Initialize engine version: 2021.2.18f1 (0c6e675195cf)
[Subsystems] Discovering subsystems at path C:/Program Files/Unity/Hub/Editor/2021.2.18f1/Editor/Data/Resources/UnitySubsystems
[Subsystems] Discovering subsystems at path D:/BH_Sotusei_NewGit6/New6_Sotugyouseisaku_10/Assets
GfxDevice: creating device client; threaded=0; jobified=0
Direct3D:
    Version:  Direct3D 11.0 [level 11.1]
    Renderer: NVIDIA GeForce GTX 1650 with Max-Q Design (ID=0x1f91)
    Vendor:   NVIDIA
    VRAM:     3962 MB
    Driver:   30.0.15.1259
Initialize mono
Mono path[0] = 'C:/Program Files/Unity/Hub/Editor/2021.2.18f1/Editor/Data/Managed'
Mono path[1] = 'C:/Program Files/Unity/Hub/Editor/2021.2.18f1/Editor/Data/MonoBleedingEdge/lib/mono/unityjit-win32'
Mono config path = 'C:/Program Files/Unity/Hub/Editor/2021.2.18f1/Editor/Data/MonoBleedingEdge/etc'
Using monoOptions --debugger-agent=transport=dt_socket,embedding=1,server=y,suspend=n,address=127.0.0.1:56420
Begin MonoManager ReloadAssembly
Registering precompiled unity dll's ...
Register platform support module: C:/Program Files/Unity/Hub/Editor/2021.2.18f1/Editor/Data/PlaybackEngines/AndroidPlayer/UnityEditor.Android.Extensions.dll
Register platform support module: C:/Program Files/Unity/Hub/Editor/2021.2.18f1/Editor/Data/PlaybackEngines/WindowsStandaloneSupport/UnityEditor.WindowsStandalone.Extensions.dll
Registered in 0.011577 seconds.
Native extension for WindowsStandalone target not found
Native extension for Android target not found
Refreshing native plugins compatible for Editor in 164.72 ms, found 13 plugins.
Preloading 1 native plugins for Editor in 0.06 ms.
Mono: successfully reloaded assembly
- Completed reload, in  0.892 seconds
Domain Reload Profiling:
	ReloadAssembly (893ms)
		BeginReloadAssembly (122ms)
			ExecutionOrderSort (0ms)
			DisableScriptedObjects (0ms)
			BackupInstance (0ms)
			ReleaseScriptingObjects (0ms)
			CreateAndSetChildDomain (1ms)
		EndReloadAssembly (642ms)
			LoadAssemblies (120ms)
			RebuildTransferFunctionScriptingTraits (0ms)
			SetupTypeCache (117ms)
			ReleaseScriptCaches (0ms)
			RebuildScriptCaches (29ms)
			SetupLoadedEditorAssemblies (436ms)
				LogAssemblyErrors (0ms)
				InitializePlatformSupportModulesInManaged (94ms)
				SetLoadedEditorAssemblies (0ms)
				RefreshPlugins (165ms)
				BeforeProcessingInitializeOnLoad (2ms)
				ProcessInitializeOnLoadAttributes (95ms)
				ProcessInitializeOnLoadMethodAttributes (80ms)
				AfterProcessingInitializeOnLoad (0ms)
				EditorAssembliesLoaded (0ms)
			ExecutionOrderSort2 (0ms)
			AwakeInstancesAfterBackupRestoration (0ms)
Platform modules already initialized, skipping
Registering precompiled user dll's ...
Registered in 0.009342 seconds.
Begin MonoManager ReloadAssembly
Symbol file LoadedFromMemory doesn't match image D:\BH_Sotusei_NewGit6\New6_Sotugyouseisaku_10\Library\PackageCache\com.unity.visualscripting@1.7.6\Editor\VisualScripting.Core\Dependencies\DotNetZip\Unity.VisualScripting.IonicZip.dll
Symbol file LoadedFromMemory doesn't match image D:\BH_Sotusei_NewGit6\New6_Sotugyouseisaku_10\Library\PackageCache\com.unity.visualscripting@1.7.6\Editor\VisualScripting.Core\Dependencies\YamlDotNet\Unity.VisualScripting.YamlDotNet.dll
Native extension for WindowsStandalone target not found
Native extension for Android target not found
Refreshing native plugins compatible for Editor in 214.34 ms, found 13 plugins.
Preloading 1 native plugins for Editor in 0.06 ms.
Package Manager log level set to [2]
System.Reflection.TargetInvocationException: Exception has been thrown by the target of an invocation. ---> System.NullReferenceException: Object reference not set to an instance of an object
  at Unity.XR.Oculus.OculusLoader.AssetPathToAbsolutePath (System.String assetPath) [0x00041] in D:\BH_Sotusei_NewGit6\New6_Sotugyouseisaku_10\Library\PackageCache\com.unity.xr.oculus@3.0.2\Runtime\OculusLoader.cs:271 
  at Unity.XR.Oculus.OculusLoader.EditorLoadOVRPlugin () [0x000b0] in D:\BH_Sotusei_NewGit6\New6_Sotugyouseisaku_10\Library\PackageCache\com.unity.xr.oculus@3.0.2\Runtime\OculusLoader.cs:256 
  at (wrapper managed-to-native) System.Reflection.RuntimeMethodInfo.InternalInvoke(System.Reflection.RuntimeMethodInfo,object,object[],System.Exception&)
  at System.Reflection.RuntimeMethodInfo.Invoke (System.Object obj, System.Reflection.BindingFlags invokeAttr, System.Reflection.Binder binder, System.Object[] parameters, System.Globalization.CultureInfo culture) [0x0006a] in <6073cf49ed704e958b8a66d540dea948>:0 
   --- End of inner exception stack trace ---
  at System.Reflection.RuntimeMethodInfo.Invoke (System.Object obj, System.Reflection.BindingFlags invokeAttr, System.Reflection.Binder binder, System.Object[] parameters, System.Globalization.CultureInfo culture) [0x00083] in <6073cf49ed704e958b8a66d540dea948>:0 
  at System.Reflection.MethodBase.Invoke (System.Object obj, System.Object[] parameters) [0x00000] in <6073cf49ed704e958b8a66d540dea948>:0 
  at UnityEditor.EditorAssemblies.ProcessInitializeOnLoadMethodAttributes () [0x000a5] in <1f61d5eefcc74dff84f661b4a4dc8479>:0 
UnityEngine.StackTraceUtility:ExtractStackTrace ()
UnityEngine.DebugLogHandler:LogFormat (UnityEngine.LogType,UnityEngine.Object,string,object[])
UnityEngine.Logger:Log (UnityEngine.LogType,object)
UnityEngine.Debug:LogError (object)
UnityEditor.EditorAssemblies:ProcessInitializeOnLoadMethodAttributes ()

Mono: successfully reloaded assembly
- Completed reload, in  8.254 seconds
Domain Reload Profiling:
	ReloadAssembly (8255ms)
		BeginReloadAssembly (271ms)
			ExecutionOrderSort (0ms)
			DisableScriptedObjects (7ms)
			BackupInstance (0ms)
			ReleaseScriptingObjects (0ms)
			CreateAndSetChildDomain (140ms)
		EndReloadAssembly (7827ms)
			LoadAssemblies (3792ms)
			RebuildTransferFunctionScriptingTraits (0ms)
			SetupTypeCache (477ms)
			ReleaseScriptCaches (1ms)
			RebuildScriptCaches (124ms)
			SetupLoadedEditorAssemblies (3374ms)
				LogAssemblyErrors (0ms)
				InitializePlatformSupportModulesInManaged (20ms)
				SetLoadedEditorAssemblies (0ms)
				RefreshPlugins (214ms)
				BeforeProcessingInitializeOnLoad (313ms)
				ProcessInitializeOnLoadAttributes (1656ms)
				ProcessInitializeOnLoadMethodAttributes (1158ms)
				AfterProcessingInitializeOnLoad (11ms)
				EditorAssembliesLoaded (0ms)
			ExecutionOrderSort2 (0ms)
			AwakeInstancesAfterBackupRestoration (7ms)
Platform modules already initialized, skipping
========================================================================
Worker process is ready to serve import requests
Launched and connected shader compiler UnityShaderCompiler.exe after 1.10 seconds
Refreshing native plugins compatible for Editor in 1.65 ms, found 13 plugins.
Preloading 1 native plugins for Editor in 0.05 ms.
Unloading 7486 Unused Serialized files (Serialized files now loaded: 0)
Unloading 143 unused Assets / (13.1 MB). Loaded Objects now: 7877.
Memory consumption went from 331.4 MB to 318.3 MB.
Total: 10.741400 ms (FindLiveObjects: 0.738800 ms CreateObjectMapping: 0.779900 ms MarkObjects: 4.581700 ms  DeleteObjects: 4.639600 ms)

AssetImportParameters requested are different than current active one (requested -> active):
  custom:video-decoder-ogg-theora: a1e56fd34408186e4bbccfd4996cb3dc -> 
  custom:container-muxer-webm: aa71ff27fc2769a1b78a27578f13a17b -> 
  custom:container-demuxer-webm: 4f35f7cbe854078d1ac9338744f61a02 -> 
  custom:video-encoder-webm-vp8: eb34c28f22e8b96e1ab97ce403110664 -> 
  custom:audio-encoder-webm-vorbis: bf7c407c2cedff20999df2af8eb42d56 -> 
  custom:framework-win-MediaFoundation: 216162199b28c13a410421893ffa2e32 -> 
  custom:container-demuxer-ogg: 62fdf1f143b41e24485cea50d1cbac27 -> 
  custom:video-decoder-webm-vp8: 9c59270c3fd7afecdb556c50c9e8de78 -> 
  custom:audio-decoder-ogg-vorbis: bf7c407c2cedff20999df2af8eb42d56 -> 
========================================================================
Received Import Request.
  Time since last request: 2477.080436 seconds.
  path: Assets/M_Data/Scenes/FieldScene.unity
  artifactKey: Guid(ef9d0bcca5fc0bc4e8f20fc1ba6c3387) Importer(815301076,1909f56bfc062723c751e8b465ee728b)
Start importing Assets/M_Data/Scenes/FieldScene.unity using Guid(ef9d0bcca5fc0bc4e8f20fc1ba6c3387) Importer(815301076,1909f56bfc062723c751e8b465ee728b)  -> (artifact id: '0d7a9579ec65d1006d35e5dcce361854') in 0.017951 seconds 
========================================================================
Received Prepare
Registering precompiled user dll's ...
Registered in 0.012212 seconds.
Begin MonoManager ReloadAssembly
Symbol file LoadedFromMemory doesn't match image D:\BH_Sotusei_NewGit6\New6_Sotugyouseisaku_10\Library\PackageCache\com.unity.visualscripting@1.7.6\Editor\VisualScripting.Core\Dependencies\DotNetZip\Unity.VisualScripting.IonicZip.dll
Symbol file LoadedFromMemory doesn't match image D:\BH_Sotusei_NewGit6\New6_Sotugyouseisaku_10\Library\PackageCache\com.unity.visualscripting@1.7.6\Editor\VisualScripting.Core\Dependencies\YamlDotNet\Unity.VisualScripting.YamlDotNet.dll
Native extension for WindowsStandalone target not found
Native extension for Android target not found
Refreshing native plugins compatible for Editor in 2.24 ms, found 13 plugins.
Preloading 1 native plugins for Editor in 0.08 ms.
System.Reflection.TargetInvocationException: Exception has been thrown by the target of an invocation. ---> System.NullReferenceException: Object reference not set to an instance of an object
  at Unity.XR.Oculus.OculusLoader.AssetPathToAbsolutePath (System.String assetPath) [0x00041] in D:\BH_Sotusei_NewGit6\New6_Sotugyouseisaku_10\Library\PackageCache\com.unity.xr.oculus@3.0.2\Runtime\OculusLoader.cs:271 
  at Unity.XR.Oculus.OculusLoader.EditorLoadOVRPlugin () [0x000b0] in D:\BH_Sotusei_NewGit6\New6_Sotugyouseisaku_10\Library\PackageCache\com.unity.xr.oculus@3.0.2\Runtime\OculusLoader.cs:256 
  at (wrapper managed-to-native) System.Reflection.RuntimeMethodInfo.InternalInvoke(System.Reflection.RuntimeMethodInfo,object,object[],System.Exception&)
  at System.Reflection.RuntimeMethodInfo.Invoke (System.Object obj, System.Reflection.BindingFlags invokeAttr, System.Reflection.Binder binder, System.Object[] parameters, System.Globalization.CultureInfo culture) [0x0006a] in <6073cf49ed704e958b8a66d540dea948>:0 
   --- End of inner exception stack trace ---
  at System.Reflection.RuntimeMethodInfo.Invoke (System.Object obj, System.Reflection.BindingFlags invokeAttr, System.Reflection.Binder binder, System.Object[] parameters, System.Globalization.CultureInfo culture) [0x00083] in <6073cf49ed704e958b8a66d540dea948>:0 
  at System.Reflection.MethodBase.Invoke (System.Object obj, System.Object[] parameters) [0x00000] in <6073cf49ed704e958b8a66d540dea948>:0 
  at UnityEditor.EditorAssemblies.ProcessInitializeOnLoadMethodAttributes () [0x000a5] in <1f61d5eefcc74dff84f661b4a4dc8479>:0 
UnityEngine.StackTraceUtility:ExtractStackTrace ()
UnityEngine.DebugLogHandler:LogFormat (UnityEngine.LogType,UnityEngine.Object,string,object[])
UnityEngine.Logger:Log (UnityEngine.LogType,object)
UnityEngine.Debug:LogError (object)
UnityEditor.EditorAssemblies:ProcessInitializeOnLoadMethodAttributes ()

Mono: successfully reloaded assembly
- Completed reload, in  2.586 seconds
Domain Reload Profiling:
	ReloadAssembly (2587ms)
		BeginReloadAssembly (168ms)
			ExecutionOrderSort (0ms)
			DisableScriptedObjects (4ms)
			BackupInstance (0ms)
			ReleaseScriptingObjects (0ms)
			CreateAndSetChildDomain (55ms)
		EndReloadAssembly (2311ms)
			LoadAssemblies (125ms)
			RebuildTransferFunctionScriptingTraits (0ms)
			SetupTypeCache (459ms)
			ReleaseScriptCaches (3ms)
			RebuildScriptCaches (104ms)
			SetupLoadedEditorAssemblies (1485ms)
				LogAssemblyErrors (0ms)
				InitializePlatformSupportModulesInManaged (35ms)
				SetLoadedEditorAssemblies (1ms)
				RefreshPlugins (2ms)
				BeforeProcessingInitializeOnLoad (266ms)
				ProcessInitializeOnLoadAttributes (985ms)
				ProcessInitializeOnLoadMethodAttributes (184ms)
				AfterProcessingInitializeOnLoad (13ms)
				EditorAssembliesLoaded (0ms)
			ExecutionOrderSort2 (0ms)
			AwakeInstancesAfterBackupRestoration (27ms)
Platform modules already initialized, skipping
Refreshing native plugins compatible for Editor in 12.17 ms, found 13 plugins.
Preloading 1 native plugins for Editor in 0.07 ms.
Unloading 7202 Unused Serialized files (Serialized files now loaded: 0)
Unloading 110 unused Assets / (13.2 MB). Loaded Objects now: 7893.
Memory consumption went from 345.4 MB to 332.2 MB.
Total: 12.155100 ms (FindLiveObjects: 0.678800 ms CreateObjectMapping: 0.672900 ms MarkObjects: 4.643200 ms  DeleteObjects: 6.159100 ms)

AssetImportParameters requested are different than current active one (requested -> active):
  custom:video-decoder-ogg-theora: a1e56fd34408186e4bbccfd4996cb3dc -> 
  custom:container-muxer-webm: aa71ff27fc2769a1b78a27578f13a17b -> 
  custom:container-demuxer-webm: 4f35f7cbe854078d1ac9338744f61a02 -> 
  custom:video-encoder-webm-vp8: eb34c28f22e8b96e1ab97ce403110664 -> 
  custom:audio-encoder-webm-vorbis: bf7c407c2cedff20999df2af8eb42d56 -> 
  custom:framework-win-MediaFoundation: 216162199b28c13a410421893ffa2e32 -> 
  custom:container-demuxer-ogg: 62fdf1f143b41e24485cea50d1cbac27 -> 
  custom:video-decoder-webm-vp8: 9c59270c3fd7afecdb556c50c9e8de78 -> 
  custom:audio-decoder-ogg-vorbis: bf7c407c2cedff20999df2af8eb42d56 -> 
========================================================================
Received Import Request.
  Time since last request: 242.483307 seconds.
  path: Assets/S_Data
  artifactKey: Guid(5d5e316d2ac09a5428b5ea03594e38eb) Importer(815301076,1909f56bfc062723c751e8b465ee728b)
Start importing Assets/S_Data using Guid(5d5e316d2ac09a5428b5ea03594e38eb) Importer(815301076,1909f56bfc062723c751e8b465ee728b)  -> (artifact id: 'da4fd236c49194e0a0273eceec80f41e') in 0.052636 seconds 
========================================================================
Received Import Request.
  Time since last request: 25.809345 seconds.
  path: Assets/S_Data/Chara
  artifactKey: Guid(3a25efed0679a5d45bb9b524e07307c2) Importer(815301076,1909f56bfc062723c751e8b465ee728b)
Start importing Assets/S_Data/Chara using Guid(3a25efed0679a5d45bb9b524e07307c2) Importer(815301076,1909f56bfc062723c751e8b465ee728b)  -> (artifact id: 'c4f7110961d49762ab2810cbccaf0428') in 0.006614 seconds 
========================================================================
Received Import Request.
  Time since last request: 3.425169 seconds.
  path: Assets/S_Data/Models
  artifactKey: Guid(6920332b563d67c43a93c2ce5d1be161) Importer(815301076,1909f56bfc062723c751e8b465ee728b)
Start importing Assets/S_Data/Models using Guid(6920332b563d67c43a93c2ce5d1be161) Importer(815301076,1909f56bfc062723c751e8b465ee728b)  -> (artifact id: '7bd28d5aec904ed780db064102faca40') in 0.006463 seconds 
========================================================================
Received Import Request.
  Time since last request: 2.638512 seconds.
  path: Assets/S_Data/Models/hokora.fbx
  artifactKey: Guid(939a7c7d22e06044086a4f435728b8f9) Importer(815301076,1909f56bfc062723c751e8b465ee728b)
Start importing Assets/S_Data/Models/hokora.fbx using Guid(939a7c7d22e06044086a4f435728b8f9) Importer(815301076,1909f56bfc062723c751e8b465ee728b)  -> (artifact id: '515d3961f2bd161b900fa3f36e0e1213') in 5.684104 seconds 
========================================================================
Received Import Request.
  Time since last request: 131.420323 seconds.
  path: Assets/M_Data/Model
  artifactKey: Guid(81e47603251e35448806186b9cba0e50) Importer(815301076,1909f56bfc062723c751e8b465ee728b)
Start importing Assets/M_Data/Model using Guid(81e47603251e35448806186b9cba0e50) Importer(815301076,1909f56bfc062723c751e8b465ee728b)  -> (artifact id: '70135aa5b88c947539827374b0ca3405') in 0.007112 seconds 
========================================================================
Received Import Request.
  Time since last request: 1.763404 seconds.
  path: Assets/M_Data/Model/NPC
  artifactKey: Guid(21432abb828275b4f8831e52703aa031) Importer(815301076,1909f56bfc062723c751e8b465ee728b)
Start importing Assets/M_Data/Model/NPC using Guid(21432abb828275b4f8831e52703aa031) Importer(815301076,1909f56bfc062723c751e8b465ee728b)  -> (artifact id: '30ce370c23896e8a004abf1fb1c761da') in 0.010998 seconds 
========================================================================
Received Import Request.
  Time since last request: 1.143216 seconds.
  path: Assets/M_Data/Model/NPC/村人_女性A
  artifactKey: Guid(508e380f21d156b4799c91d8c2ca28c5) Importer(815301076,1909f56bfc062723c751e8b465ee728b)
Start importing Assets/M_Data/Model/NPC/村人_女性A using Guid(508e380f21d156b4799c91d8c2ca28c5) Importer(815301076,1909f56bfc062723c751e8b465ee728b)  -> (artifact id: '3f99c74ea868bec47e4947fb5b504d21') in 0.009693 seconds 
========================================================================
Received Import Request.
  Time since last request: 1.672518 seconds.
  path: Assets/M_Data/Model/NPC/村人_女性A/村人_女性A.Textures
  artifactKey: Guid(7f4dd1ae9900f774498de22a39000290) Importer(815301076,1909f56bfc062723c751e8b465ee728b)
Start importing Assets/M_Data/Model/NPC/村人_女性A/村人_女性A.Textures using Guid(7f4dd1ae9900f774498de22a39000290) Importer(815301076,1909f56bfc062723c751e8b465ee728b)  -> (artifact id: 'b91b7a0c9951c1830ffe62a55e7cd804') in 0.009453 seconds 
========================================================================
Received Import Request.
  Time since last request: 0.879658 seconds.
  path: Assets/M_Data/Model/NPC/村人_女性A/村人_女性A.prefab
  artifactKey: Guid(5f309d690b0a04b43ae62cc88e18b1b8) Importer(815301076,1909f56bfc062723c751e8b465ee728b)
Start importing Assets/M_Data/Model/NPC/村人_女性A/村人_女性A.prefab using Guid(5f309d690b0a04b43ae62cc88e18b1b8) Importer(815301076,1909f56bfc062723c751e8b465ee728b)  -> (artifact id: 'e8d0abbde114a58e6ec9c01c6eec09b9') in 0.424291 seconds 
========================================================================
Received Import Request.
  Time since last request: 452.417413 seconds.
  path: Assets/M_Data/Model/NPC/シエナ1.1
  artifactKey: Guid(93fecfdc8fbdb404ba45d5ae1a668c16) Importer(815301076,1909f56bfc062723c751e8b465ee728b)
Start importing Assets/M_Data/Model/NPC/シエナ1.1 using Guid(93fecfdc8fbdb404ba45d5ae1a668c16) Importer(815301076,1909f56bfc062723c751e8b465ee728b)  -> (artifact id: '84649223fb441b164d9ebd6e9f4b2a2c') in 0.005992 seconds 
========================================================================
Received Import Request.
  Time since last request: 1.495562 seconds.
  path: Assets/M_Data/Model/NPC/シエナ1.1/月城シエナ1.1.prefab
  artifactKey: Guid(34106b59b3749e147bdda8bea47bdc3f) Importer(815301076,1909f56bfc062723c751e8b465ee728b)
Start importing Assets/M_Data/Model/NPC/シエナ1.1/月城シエナ1.1.prefab using Guid(34106b59b3749e147bdda8bea47bdc3f) Importer(815301076,1909f56bfc062723c751e8b465ee728b)  -> (artifact id: '4927f47cefc7da2ec603fe1f419ab968') in 5.585119 seconds 
========================================================================
Received Import Request.
  Time since last request: 18.642196 seconds.
  path: Assets/M_Data/Model/NPC/シエナ1.1/月城シエナ1.1.Textures/texture_7.png
  artifactKey: Guid(8629d761bd2a5c34ca2a438ca0e2c83c) Importer(815301076,1909f56bfc062723c751e8b465ee728b)
Start importing Assets/M_Data/Model/NPC/シエナ1.1/月城シエナ1.1.Textures/texture_7.png using Guid(8629d761bd2a5c34ca2a438ca0e2c83c) Importer(815301076,1909f56bfc062723c751e8b465ee728b)  -> (artifact id: 'bad2707b1b53c304c0eb913c4e5e6a59') in 0.133414 seconds 
========================================================================
Received Import Request.
  Time since last request: 0.021271 seconds.
  path: Assets/M_Data/Model/NPC/シエナ1.1/月城シエナ1.1.Textures/texture_10.png
  artifactKey: Guid(994e67340eb0709468af3c74e174c2ab) Importer(815301076,1909f56bfc062723c751e8b465ee728b)
Start importing Assets/M_Data/Model/NPC/シエナ1.1/月城シエナ1.1.Textures/texture_10.png using Guid(994e67340eb0709468af3c74e174c2ab) Importer(815301076,1909f56bfc062723c751e8b465ee728b)  -> (artifact id: '5345e9256aebfa2c15b4567fb5207d8e') in 0.151281 seconds 
========================================================================
Received Import Request.
  Time since last request: 29.735369 seconds.
  path: Assets/M_Data/Model/NPC/村人_女性E
  artifactKey: Guid(06def31f0b9a49e4896f1da9bed5abf3) Importer(815301076,1909f56bfc062723c751e8b465ee728b)
Start importing Assets/M_Data/Model/NPC/村人_女性E using Guid(06def31f0b9a49e4896f1da9bed5abf3) Importer(815301076,1909f56bfc062723c751e8b465ee728b)  -> (artifact id: '78c01e37fd46203b09b0c59319faa814') in 0.006563 seconds 
========================================================================
Received Import Request.
  Time since last request: 2.352424 seconds.
  path: Assets/M_Data/Model/NPC/村人_女性E/村人_女性E.prefab
  artifactKey: Guid(b0f26fd0fc135fa4eb67afa5f52d99e2) Importer(815301076,1909f56bfc062723c751e8b465ee728b)
Start importing Assets/M_Data/Model/NPC/村人_女性E/村人_女性E.prefab using Guid(b0f26fd0fc135fa4eb67afa5f52d99e2) Importer(815301076,1909f56bfc062723c751e8b465ee728b)  -> (artifact id: '5f520d6bd8749ec9b90df3dd62ea95f8') in 4.177639 seconds 
========================================================================
Received Import Request.
  Time since last request: 13.348234 seconds.
  path: Assets/M_Data/Model/NPC/村人_女性E/村人_女性E.Textures/_08.png
  artifactKey: Guid(cfa798a4c5a0ca341999982716b431ac) Importer(815301076,1909f56bfc062723c751e8b465ee728b)
Start importing Assets/M_Data/Model/NPC/村人_女性E/村人_女性E.Textures/_08.png using Guid(cfa798a4c5a0ca341999982716b431ac) Importer(815301076,1909f56bfc062723c751e8b465ee728b)  -> (artifact id: '2d2107434b3678f904768b325965017c') in 0.088056 seconds 
========================================================================
Received Import Request.
  Time since last request: 0.000031 seconds.
  path: Assets/M_Data/Model/NPC/村人_女性E/村人_女性E.Textures/Shader_NoneBlack.png
  artifactKey: Guid(401be41add13fb641939d02523c60aba) Importer(815301076,1909f56bfc062723c751e8b465ee728b)
Start importing Assets/M_Data/Model/NPC/村人_女性E/村人_女性E.Textures/Shader_NoneBlack.png using Guid(401be41add13fb641939d02523c60aba) Importer(815301076,1909f56bfc062723c751e8b465ee728b)  -> (artifact id: '23db593a95bfb4713802c9276798a722') in 0.138766 seconds 
========================================================================
Received Import Request.
  Time since last request: 121.864942 seconds.
  path: Assets/M_Data/Model/NPC/村人_女性子供C
  artifactKey: Guid(ecfa07f0b1a03874c8dd2314d7404f46) Importer(815301076,1909f56bfc062723c751e8b465ee728b)
Start importing Assets/M_Data/Model/NPC/村人_女性子供C using Guid(ecfa07f0b1a03874c8dd2314d7404f46) Importer(815301076,1909f56bfc062723c751e8b465ee728b)  -> (artifact id: '475e07932df41aca947782bd9910ab39') in 0.006765 seconds 
========================================================================
Received Import Request.
  Time since last request: 2.028205 seconds.
  path: Assets/M_Data/Model/NPC/村人_女性子供C/村人_女性子供C.prefab
  artifactKey: Guid(2aee34789f4652c46bb96c81f52b8bff) Importer(815301076,1909f56bfc062723c751e8b465ee728b)
Start importing Assets/M_Data/Model/NPC/村人_女性子供C/村人_女性子供C.prefab using Guid(2aee34789f4652c46bb96c81f52b8bff) Importer(815301076,1909f56bfc062723c751e8b465ee728b)  -> (artifact id: 'ca21969e766d28fd9d670b4b78bd3f91') in 1.148332 seconds 
========================================================================
Received Import Request.
  Time since last request: 73.071912 seconds.
  path: Assets/M_Data/Model/NPC/村人_女性子供D
  artifactKey: Guid(60511ee025513a841a7b641b9cefb726) Importer(815301076,1909f56bfc062723c751e8b465ee728b)
Start importing Assets/M_Data/Model/NPC/村人_女性子供D using Guid(60511ee025513a841a7b641b9cefb726) Importer(815301076,1909f56bfc062723c751e8b465ee728b)  -> (artifact id: '92a554c0695e160a32916ab633740bad') in 0.094854 seconds 
========================================================================
Received Import Request.
  Time since last request: 1.036158 seconds.
  path: Assets/M_Data/Model/NPC/村人_女性子供D/村人_女性子供D.prefab
  artifactKey: Guid(3c2426653c3f7b14a812f77972d20c84) Importer(815301076,1909f56bfc062723c751e8b465ee728b)
Start importing Assets/M_Data/Model/NPC/村人_女性子供D/村人_女性子供D.prefab using Guid(3c2426653c3f7b14a812f77972d20c84) Importer(815301076,1909f56bfc062723c751e8b465ee728b)  -> (artifact id: '0c942e301ccc0c2e17aebbd07f791a0a') in 2.542686 seconds 
========================================================================
Received Import Request.
  Time since last request: 51.724655 seconds.
  path: Assets/M_Data/Model/NPC/村人_男性A
  artifactKey: Guid(f10c216c50c301b408c494db263c0296) Importer(815301076,1909f56bfc062723c751e8b465ee728b)
Start importing Assets/M_Data/Model/NPC/村人_男性A using Guid(f10c216c50c301b408c494db263c0296) Importer(815301076,1909f56bfc062723c751e8b465ee728b)  -> (artifact id: '69715eb990103bb9c70165293aeff233') in 0.039386 seconds 
========================================================================
Received Import Request.
  Time since last request: 1.916543 seconds.
  path: Assets/M_Data/Model/NPC/村人_男性A/村人_男性A.prefab
  artifactKey: Guid(a0f58e176365fae40bdf30e746fe5565) Importer(815301076,1909f56bfc062723c751e8b465ee728b)
Start importing Assets/M_Data/Model/NPC/村人_男性A/村人_男性A.prefab using Guid(a0f58e176365fae40bdf30e746fe5565) Importer(815301076,1909f56bfc062723c751e8b465ee728b)  -> (artifact id: 'beb477c7dfd30f1a823f8749e10861b2') in 3.150965 seconds 
========================================================================
Received Import Request.
  Time since last request: 27.529402 seconds.
  path: Assets/M_Data/Model/NPC/村人_男性A/村人_男性A.Textures/_15.png
  artifactKey: Guid(d90ad12647e61df4cb75ccbdf7ba5410) Importer(815301076,1909f56bfc062723c751e8b465ee728b)
Start importing Assets/M_Data/Model/NPC/村人_男性A/村人_男性A.Textures/_15.png using Guid(d90ad12647e61df4cb75ccbdf7ba5410) Importer(815301076,1909f56bfc062723c751e8b465ee728b)  -> (artifact id: '290314bded0817ac58763028150157b7') in 0.272162 seconds 
========================================================================
Received Import Request.
  Time since last request: 15.097731 seconds.
  path: Assets/M_Data/Model/NPC/村人_男性A/村人_男性A.Textures/_16.png
  artifactKey: Guid(7244b99b0553bc14c915694d9bc35255) Importer(815301076,1909f56bfc062723c751e8b465ee728b)
Start importing Assets/M_Data/Model/NPC/村人_男性A/村人_男性A.Textures/_16.png using Guid(7244b99b0553bc14c915694d9bc35255) Importer(815301076,1909f56bfc062723c751e8b465ee728b)  -> (artifact id: '7d7801337157843c47b2cc51f4956de5') in 0.184953 seconds 
========================================================================
Received Import Request.
  Time since last request: 0.000026 seconds.
  path: Assets/M_Data/Model/NPC/村人_男性A/村人_男性A.Textures/_17.png
  artifactKey: Guid(13989c62bf630874c9ea7cd59e829146) Importer(815301076,1909f56bfc062723c751e8b465ee728b)
Start importing Assets/M_Data/Model/NPC/村人_男性A/村人_男性A.Textures/_17.png using Guid(13989c62bf630874c9ea7cd59e829146) Importer(815301076,1909f56bfc062723c751e8b465ee728b)  -> (artifact id: '7ab23dc58395fa335d09ac383d9222b9') in 0.258887 seconds 
========================================================================
Received Import Request.
  Time since last request: 39.905349 seconds.
  path: Assets/M_Data/Model/NPC/村人_男性D
  artifactKey: Guid(7f942a9a19f4daf4cb756a12dcb34807) Importer(815301076,1909f56bfc062723c751e8b465ee728b)
Start importing Assets/M_Data/Model/NPC/村人_男性D using Guid(7f942a9a19f4daf4cb756a12dcb34807) Importer(815301076,1909f56bfc062723c751e8b465ee728b)  -> (artifact id: '100982cd93c0f3d4e6f403543c5574bd') in 0.641958 seconds 
========================================================================
Received Import Request.
  Time since last request: 52.830725 seconds.
  path: Assets/M_Data/Model/NPC/村人_男性E
  artifactKey: Guid(8d65c27ddf6f7464fba39e8409b849cc) Importer(815301076,1909f56bfc062723c751e8b465ee728b)
Start importing Assets/M_Data/Model/NPC/村人_男性E using Guid(8d65c27ddf6f7464fba39e8409b849cc) Importer(815301076,1909f56bfc062723c751e8b465ee728b)  -> (artifact id: '04a158a9a9ee2ad5b814fa618f83b1ed') in 0.007399 seconds 
========================================================================
Received Import Request.
  Time since last request: 1.524690 seconds.
  path: Assets/M_Data/Model/NPC/村人_男性E/村人_男性E.vrm
  artifactKey: Guid(3a1b736ff53eb854199c82cd779a16a5) Importer(815301076,1909f56bfc062723c751e8b465ee728b)
Start importing Assets/M_Data/Model/NPC/村人_男性E/村人_男性E.vrm using Guid(3a1b736ff53eb854199c82cd779a16a5) Importer(815301076,1909f56bfc062723c751e8b465ee728b)  -> (artifact id: '1bb01473e1c6028f8170d32a4720b06a') in 0.003977 seconds 
========================================================================
Received Import Request.
  Time since last request: 0.630657 seconds.
  path: Assets/M_Data/Model/NPC/村人_男性E/村人_男性E.prefab
  artifactKey: Guid(e692774028a44a54688d828e065cd512) Importer(815301076,1909f56bfc062723c751e8b465ee728b)
Start importing Assets/M_Data/Model/NPC/村人_男性E/村人_男性E.prefab using Guid(e692774028a44a54688d828e065cd512) Importer(815301076,1909f56bfc062723c751e8b465ee728b)  -> (artifact id: '44532c5e2bdaaedd799a525ef16c8477') in 2.602713 seconds 
========================================================================
Received Import Request.
  Time since last request: 31.557209 seconds.
  path: Assets/M_Data/Model/NPC/村人_男性E/村人_男性E.Textures/_10.png
  artifactKey: Guid(3719c31b012083b4d97daf6d9e2e89c6) Importer(815301076,1909f56bfc062723c751e8b465ee728b)
Start importing Assets/M_Data/Model/NPC/村人_男性E/村人_男性E.Textures/_10.png using Guid(3719c31b012083b4d97daf6d9e2e89c6) Importer(815301076,1909f56bfc062723c751e8b465ee728b)  -> (artifact id: '7b137bdc40319b1c968717bb0c1a9ec0') in 0.177610 seconds 
========================================================================
Received Import Request.
  Time since last request: 0.000027 seconds.
  path: Assets/M_Data/Model/NPC/村人_男性E/村人_男性E.Textures/MatcapWarp_01.png
  artifactKey: Guid(c0b11012fa77a4248bd9fc7e246fedda) Importer(815301076,1909f56bfc062723c751e8b465ee728b)
Start importing Assets/M_Data/Model/NPC/村人_男性E/村人_男性E.Textures/MatcapWarp_01.png using Guid(c0b11012fa77a4248bd9fc7e246fedda) Importer(815301076,1909f56bfc062723c751e8b465ee728b)  -> (artifact id: 'e83667eff5a361d1d6bd7ed70b9b0875') in 0.013979 seconds 
========================================================================
Received Import Request.
  Time since last request: 18.440005 seconds.
  path: Assets/M_Data/Model/NPC/村人_男性子供B
  artifactKey: Guid(3bf73d40145d1654ba5923e276488e01) Importer(815301076,1909f56bfc062723c751e8b465ee728b)
Start importing Assets/M_Data/Model/NPC/村人_男性子供B using Guid(3bf73d40145d1654ba5923e276488e01) Importer(815301076,1909f56bfc062723c751e8b465ee728b)  -> (artifact id: '451e1ad7902c34e42bae187d32de7453') in 0.006953 seconds 
========================================================================
Received Import Request.
  Time since last request: 1.103932 seconds.
  path: Assets/M_Data/Model/NPC/村人_男性子供B/村人_男性子供B.prefab
  artifactKey: Guid(f5c4fd62feca62b47bce9187a7c7f951) Importer(815301076,1909f56bfc062723c751e8b465ee728b)
Start importing Assets/M_Data/Model/NPC/村人_男性子供B/村人_男性子供B.prefab using Guid(f5c4fd62feca62b47bce9187a7c7f951) Importer(815301076,1909f56bfc062723c751e8b465ee728b)  -> (artifact id: 'f3f088ac84f67f4beb88ebc77b439420') in 2.066481 seconds 
========================================================================
Received Import Request.
  Time since last request: 36.827837 seconds.
  path: Assets/M_Data/Model/NPC/村人_男性子供C
  artifactKey: Guid(8b4236e53f0a4b74d86adf2fef7fbc25) Importer(815301076,1909f56bfc062723c751e8b465ee728b)
Start importing Assets/M_Data/Model/NPC/村人_男性子供C using Guid(8b4236e53f0a4b74d86adf2fef7fbc25) Importer(815301076,1909f56bfc062723c751e8b465ee728b)  -> (artifact id: '114706e8a7cc90c8e15797cdaa6dde62') in 0.371592 seconds 
========================================================================
Received Import Request.
  Time since last request: 1.259766 seconds.
  path: Assets/M_Data/Model/NPC/村人_男性子供C/村人_男性子供C.prefab
  artifactKey: Guid(f6eadc3e7f5ab71458cf8ad56b4a5238) Importer(815301076,1909f56bfc062723c751e8b465ee728b)
Start importing Assets/M_Data/Model/NPC/村人_男性子供C/村人_男性子供C.prefab using Guid(f6eadc3e7f5ab71458cf8ad56b4a5238) Importer(815301076,1909f56bfc062723c751e8b465ee728b)  -> (artifact id: '7ad9a9aea3d5b74e0c096da4d942535b') in 2.386572 seconds 
========================================================================
Received Import Request.
  Time since last request: 16.040048 seconds.
  path: Assets/M_Data/Model/NPC/村人_男性子供C/村人_男性子供C.Textures/_02.png
  artifactKey: Guid(aa79f7091853c1f47b7f57a76096062f) Importer(815301076,1909f56bfc062723c751e8b465ee728b)
Start importing Assets/M_Data/Model/NPC/村人_男性子供C/村人_男性子供C.Textures/_02.png using Guid(aa79f7091853c1f47b7f57a76096062f) Importer(815301076,1909f56bfc062723c751e8b465ee728b)  -> (artifact id: '3ebe1a698b5d6c9b7d5e709ab69af1fa') in 0.026740 seconds 
========================================================================
Received Import Request.
  Time since last request: 18.463431 seconds.
  path: Assets/M_Data/Model/NPC/村人_男性子供C/村人_男性子供C.Textures/_12.png
  artifactKey: Guid(f35c9dbbda810f8418a65303b50e0d35) Importer(815301076,1909f56bfc062723c751e8b465ee728b)
Start importing Assets/M_Data/Model/NPC/村人_男性子供C/村人_男性子供C.Textures/_12.png using Guid(f35c9dbbda810f8418a65303b50e0d35) Importer(815301076,1909f56bfc062723c751e8b465ee728b)  -> (artifact id: '38286772a712cdaed4f2caf516e51187') in 0.139068 seconds 
========================================================================
Received Import Request.
  Time since last request: 30.436766 seconds.
  path: Assets/S_Data/Chara/Ch46_nonPBR@Standing Idle.fbx
  artifactKey: Guid(5c85ce085f922ed42bf32563a5909bb5) Importer(815301076,1909f56bfc062723c751e8b465ee728b)
Start importing Assets/S_Data/Chara/Ch46_nonPBR@Standing Idle.fbx using Guid(5c85ce085f922ed42bf32563a5909bb5) Importer(815301076,1909f56bfc062723c751e8b465ee728b)  -> (artifact id: '4cb24cbb0cd2c6b86ce559a8bc5183a7') in 2.980979 seconds 
========================================================================
Received Import Request.
  Time since last request: 4.089345 seconds.
  path: Assets/S_Data/Chara/male_2Talking.fbx
  artifactKey: Guid(fca858d196e39c241b071511340ec691) Importer(815301076,1909f56bfc062723c751e8b465ee728b)
Start importing Assets/S_Data/Chara/male_2Talking.fbx using Guid(fca858d196e39c241b071511340ec691) Importer(815301076,1909f56bfc062723c751e8b465ee728b)  -> (artifact id: 'b80d7e88d37fcab7e9e6d40c5fedb141') in 3.635408 seconds 
========================================================================
Received Import Request.
  Time since last request: 11.526736 seconds.
  path: Assets/S_Data/Chara/male_2Neutral Idle.fbx
  artifactKey: Guid(d9e291abd30118442ac78b4c20b90dfe) Importer(815301076,1909f56bfc062723c751e8b465ee728b)
Start importing Assets/S_Data/Chara/male_2Neutral Idle.fbx using Guid(d9e291abd30118442ac78b4c20b90dfe) Importer(815301076,1909f56bfc062723c751e8b465ee728b)  -> (artifact id: 'f07c42c0c3f8b206fefa00fcf3c47e1e') in 2.649291 seconds 
========================================================================
Received Import Request.
  Time since last request: 46.270734 seconds.
  path: Assets/M_Data/Model/NPC/村人_女性A/村人_女性A.Textures/_10.png
  artifactKey: Guid(7dc0e6d0616705c40a25238d96faf563) Importer(815301076,1909f56bfc062723c751e8b465ee728b)
Start importing Assets/M_Data/Model/NPC/村人_女性A/村人_女性A.Textures/_10.png using Guid(7dc0e6d0616705c40a25238d96faf563) Importer(815301076,1909f56bfc062723c751e8b465ee728b)  -> (artifact id: '94b295a7374026116bd665b46641d94f') in 0.383906 seconds 
========================================================================
Received Import Request.
  Time since last request: 52.341480 seconds.
  path: Assets/M_Data/Model/NPC/村人_女性A/村人_女性A.Textures/_03.png
  artifactKey: Guid(6f1b5a03b8a11af44a49946a515d8894) Importer(815301076,1909f56bfc062723c751e8b465ee728b)
Start importing Assets/M_Data/Model/NPC/村人_女性A/村人_女性A.Textures/_03.png using Guid(6f1b5a03b8a11af44a49946a515d8894) Importer(815301076,1909f56bfc062723c751e8b465ee728b)  -> (artifact id: '0931b1f9d11355aa2804ea4e72703723') in 0.041606 seconds 
========================================================================
Received Import Request.
  Time since last request: 95.777434 seconds.
  path: Assets/M_Data/Model/NPC/村人_女性A/村人_女性A.Textures/_02.png
  artifactKey: Guid(ad8e658ecc2c91047afee4ab2d784c1d) Importer(815301076,1909f56bfc062723c751e8b465ee728b)
Start importing Assets/M_Data/Model/NPC/村人_女性A/村人_女性A.Textures/_02.png using Guid(ad8e658ecc2c91047afee4ab2d784c1d) Importer(815301076,1909f56bfc062723c751e8b465ee728b)  -> (artifact id: '853a44cfa485d6642c4463e197c9f2e3') in 0.172125 seconds 
========================================================================
Received Import Request.
  Time since last request: 32.660516 seconds.
  path: Assets/M_Data/Model/NPC/村人_女性A/村人_女性A.Textures/_06.png
  artifactKey: Guid(277b370c61e618749a3b08a6ae5e72a2) Importer(815301076,1909f56bfc062723c751e8b465ee728b)
Start importing Assets/M_Data/Model/NPC/村人_女性A/村人_女性A.Textures/_06.png using Guid(277b370c61e618749a3b08a6ae5e72a2) Importer(815301076,1909f56bfc062723c751e8b465ee728b)  -> (artifact id: '14608a8615e23f4dc6a31475a434225d') in 0.108775 seconds 
========================================================================
Received Import Request.
  Time since last request: 15.041121 seconds.
  path: Assets/M_Data/Model/NPC/村人_女性A/村人_女性A.Textures/_16.png
  artifactKey: Guid(3aef38e70d975504a91e92f5e5779b61) Importer(815301076,1909f56bfc062723c751e8b465ee728b)
Start importing Assets/M_Data/Model/NPC/村人_女性A/村人_女性A.Textures/_16.png using Guid(3aef38e70d975504a91e92f5e5779b61) Importer(815301076,1909f56bfc062723c751e8b465ee728b)  -> (artifact id: 'c70f35c29ac9109c42c2b78cdd5d6f7b') in 0.016555 seconds 
========================================================================
Received Import Request.
  Time since last request: 0.000028 seconds.
  path: Assets/M_Data/Model/NPC/村人_女性A/村人_女性A.Textures/_17.png
  artifactKey: Guid(bf4c741d422b835408db27eb802deb72) Importer(815301076,1909f56bfc062723c751e8b465ee728b)
Start importing Assets/M_Data/Model/NPC/村人_女性A/村人_女性A.Textures/_17.png using Guid(bf4c741d422b835408db27eb802deb72) Importer(815301076,1909f56bfc062723c751e8b465ee728b)  -> (artifact id: '13246eb05849e36330622dd99f9eb82f') in 0.021046 seconds 
========================================================================
Received Import Request.
  Time since last request: 72.064102 seconds.
  path: Assets/S_Data/Chara/QClerk
  artifactKey: Guid(c5edcaae41735b241b5dc0f925853ca0) Importer(815301076,1909f56bfc062723c751e8b465ee728b)
Start importing Assets/S_Data/Chara/QClerk using Guid(c5edcaae41735b241b5dc0f925853ca0) Importer(815301076,1909f56bfc062723c751e8b465ee728b)  -> (artifact id: '534e2965c25fe0f4a907d2b85fdb471e') in 0.014085 seconds 
========================================================================
Received Import Request.
  Time since last request: 2.762127 seconds.
  path: Assets/S_Data/Chara/QClerk/female.fbx
  artifactKey: Guid(63d467033ce60544c8a55beca4989b25) Importer(815301076,1909f56bfc062723c751e8b465ee728b)
Start importing Assets/S_Data/Chara/QClerk/female.fbx using Guid(63d467033ce60544c8a55beca4989b25) Importer(815301076,1909f56bfc062723c751e8b465ee728b)  -> (artifact id: '004079bb6f7e6c37b06bc85012720b65') in 0.395376 seconds 
========================================================================
Received Import Request.
  Time since last request: 3.937321 seconds.
  path: Assets/S_Data/Chara/QClerk/female@Idle.fbx
  artifactKey: Guid(7b1f77d4d37c1ec4f9086442096a1c52) Importer(815301076,1909f56bfc062723c751e8b465ee728b)
Start importing Assets/S_Data/Chara/QClerk/female@Idle.fbx using Guid(7b1f77d4d37c1ec4f9086442096a1c52) Importer(815301076,1909f56bfc062723c751e8b465ee728b)  -> (artifact id: '162ed91aca09a130bf5fc4cb2dc2bfdf') in 0.813850 seconds 
========================================================================
Received Import Request.
  Time since last request: 36.351592 seconds.
  path: Assets/S_Data/Chara/QClerk/female@Idle.fbx
  artifactKey: Guid(7b1f77d4d37c1ec4f9086442096a1c52) Importer(815301076,1909f56bfc062723c751e8b465ee728b)
Start importing Assets/S_Data/Chara/QClerk/female@Idle.fbx using Guid(7b1f77d4d37c1ec4f9086442096a1c52) Importer(815301076,1909f56bfc062723c751e8b465ee728b)  -> (artifact id: '97e139da0d97695ef75c1555b41375fd') in 0.580805 seconds 
========================================================================
Received Import Request.
  Time since last request: 3.116626 seconds.
  path: Assets/S_Data/Chara/QClerk/female@Idle.fbx
  artifactKey: Guid(7b1f77d4d37c1ec4f9086442096a1c52) Importer(815301076,1909f56bfc062723c751e8b465ee728b)
Start importing Assets/S_Data/Chara/QClerk/female@Idle.fbx using Guid(7b1f77d4d37c1ec4f9086442096a1c52) Importer(815301076,1909f56bfc062723c751e8b465ee728b)  -> (artifact id: 'f99e23ac92511b0ff38b282dfdfe40e8') in 0.180956 seconds 
========================================================================
Received Prepare
Registering precompiled user dll's ...
Registered in 0.014364 seconds.
Begin MonoManager ReloadAssembly
Symbol file LoadedFromMemory doesn't match image D:\BH_Sotusei_NewGit6\New6_Sotugyouseisaku_10\Library\PackageCache\com.unity.visualscripting@1.7.6\Editor\VisualScripting.Core\Dependencies\DotNetZip\Unity.VisualScripting.IonicZip.dll
Symbol file LoadedFromMemory doesn't match image D:\BH_Sotusei_NewGit6\New6_Sotugyouseisaku_10\Library\PackageCache\com.unity.visualscripting@1.7.6\Editor\VisualScripting.Core\Dependencies\YamlDotNet\Unity.VisualScripting.YamlDotNet.dll
Native extension for WindowsStandalone target not found
Native extension for Android target not found
Refreshing native plugins compatible for Editor in 2.76 ms, found 13 plugins.
Preloading 1 native plugins for Editor in 0.08 ms.
System.Reflection.TargetInvocationException: Exception has been thrown by the target of an invocation. ---> System.NullReferenceException: Object reference not set to an instance of an object
  at Unity.XR.Oculus.OculusLoader.AssetPathToAbsolutePath (System.String assetPath) [0x00041] in D:\BH_Sotusei_NewGit6\New6_Sotugyouseisaku_10\Library\PackageCache\com.unity.xr.oculus@3.0.2\Runtime\OculusLoader.cs:271 
  at Unity.XR.Oculus.OculusLoader.EditorLoadOVRPlugin () [0x000b0] in D:\BH_Sotusei_NewGit6\New6_Sotugyouseisaku_10\Library\PackageCache\com.unity.xr.oculus@3.0.2\Runtime\OculusLoader.cs:256 
  at (wrapper managed-to-native) System.Reflection.RuntimeMethodInfo.InternalInvoke(System.Reflection.RuntimeMethodInfo,object,object[],System.Exception&)
  at System.Reflection.RuntimeMethodInfo.Invoke (System.Object obj, System.Reflection.BindingFlags invokeAttr, System.Reflection.Binder binder, System.Object[] parameters, System.Globalization.CultureInfo culture) [0x0006a] in <6073cf49ed704e958b8a66d540dea948>:0 
   --- End of inner exception stack trace ---
  at System.Reflection.RuntimeMethodInfo.Invoke (System.Object obj, System.Reflection.BindingFlags invokeAttr, System.Reflection.Binder binder, System.Object[] parameters, System.Globalization.CultureInfo culture) [0x00083] in <6073cf49ed704e958b8a66d540dea948>:0 
  at System.Reflection.MethodBase.Invoke (System.Object obj, System.Object[] parameters) [0x00000] in <6073cf49ed704e958b8a66d540dea948>:0 
  at UnityEditor.EditorAssemblies.ProcessInitializeOnLoadMethodAttributes () [0x000a5] in <1f61d5eefcc74dff84f661b4a4dc8479>:0 
UnityEngine.StackTraceUtility:ExtractStackTrace ()
UnityEngine.DebugLogHandler:LogFormat (UnityEngine.LogType,UnityEngine.Object,string,object[])
UnityEngine.Logger:Log (UnityEngine.LogType,object)
UnityEngine.Debug:LogError (object)
UnityEditor.EditorAssemblies:ProcessInitializeOnLoadMethodAttributes ()

Mono: successfully reloaded assembly
- Completed reload, in  5.449 seconds
Domain Reload Profiling:
	ReloadAssembly (5454ms)
		BeginReloadAssembly (321ms)
			ExecutionOrderSort (0ms)
			DisableScriptedObjects (13ms)
			BackupInstance (0ms)
			ReleaseScriptingObjects (0ms)
			CreateAndSetChildDomain (102ms)
		EndReloadAssembly (4943ms)
			LoadAssemblies (205ms)
			RebuildTransferFunctionScriptingTraits (0ms)
			SetupTypeCache (657ms)
			ReleaseScriptCaches (8ms)
			RebuildScriptCaches (125ms)
			SetupLoadedEditorAssemblies (1914ms)
				LogAssemblyErrors (0ms)
				InitializePlatformSupportModulesInManaged (48ms)
				SetLoadedEditorAssemblies (1ms)
				RefreshPlugins (3ms)
				BeforeProcessingInitializeOnLoad (351ms)
				ProcessInitializeOnLoadAttributes (1240ms)
				ProcessInitializeOnLoadMethodAttributes (257ms)
				AfterProcessingInitializeOnLoad (15ms)
				EditorAssembliesLoaded (1ms)
			ExecutionOrderSort2 (0ms)
			AwakeInstancesAfterBackupRestoration (38ms)
Platform modules already initialized, skipping
Refreshing native plugins compatible for Editor in 8.53 ms, found 13 plugins.
Preloading 1 native plugins for Editor in 0.07 ms.
Unloading 7209 Unused Serialized files (Serialized files now loaded: 0)
Unloading 110 unused Assets / (13.2 MB). Loaded Objects now: 8008.
Memory consumption went from 354.6 MB to 341.4 MB.
Total: 17.688100 ms (FindLiveObjects: 0.784700 ms CreateObjectMapping: 0.644800 ms MarkObjects: 9.668900 ms  DeleteObjects: 6.588400 ms)

AssetImportParameters requested are different than current active one (requested -> active):
  custom:video-decoder-ogg-theora: a1e56fd34408186e4bbccfd4996cb3dc -> 
  custom:container-muxer-webm: aa71ff27fc2769a1b78a27578f13a17b -> 
  custom:container-demuxer-webm: 4f35f7cbe854078d1ac9338744f61a02 -> 
  custom:video-encoder-webm-vp8: eb34c28f22e8b96e1ab97ce403110664 -> 
  custom:audio-encoder-webm-vorbis: bf7c407c2cedff20999df2af8eb42d56 -> 
  custom:framework-win-MediaFoundation: 216162199b28c13a410421893ffa2e32 -> 
  custom:container-demuxer-ogg: 62fdf1f143b41e24485cea50d1cbac27 -> 
  custom:video-decoder-webm-vp8: 9c59270c3fd7afecdb556c50c9e8de78 -> 
  custom:audio-decoder-ogg-vorbis: bf7c407c2cedff20999df2af8eb42d56 -> 
========================================================================
Received Import Request.
  Time since last request: 465.247080 seconds.
  path: Assets/M_Data/Prefab
  artifactKey: Guid(001a0c9604ec9b942a73eaf982f7818e) Importer(815301076,1909f56bfc062723c751e8b465ee728b)
Start importing Assets/M_Data/Prefab using Guid(001a0c9604ec9b942a73eaf982f7818e) Importer(815301076,1909f56bfc062723c751e8b465ee728b)  -> (artifact id: '94947096a43bb9d1c9d509a621046163') in 0.106812 seconds 
========================================================================
Received Import Request.
  Time since last request: 1.349513 seconds.
  path: Assets/M_Data/Prefab/Enemy
  artifactKey: Guid(75d0b055d8b25b84c876c4163677fae3) Importer(815301076,1909f56bfc062723c751e8b465ee728b)
Start importing Assets/M_Data/Prefab/Enemy using Guid(75d0b055d8b25b84c876c4163677fae3) Importer(815301076,1909f56bfc062723c751e8b465ee728b)  -> (artifact id: 'e0428fef811b18ba8945108c2e27ef4e') in 0.136797 seconds 
========================================================================
Received Import Request.
  Time since last request: 1.248622 seconds.
  path: Assets/M_Data/Prefab/Enemy/Enemy01.prefab
  artifactKey: Guid(d810297f047871a48b8abcae43d9c86a) Importer(815301076,1909f56bfc062723c751e8b465ee728b)
Start importing Assets/M_Data/Prefab/Enemy/Enemy01.prefab using Guid(d810297f047871a48b8abcae43d9c86a) Importer(815301076,1909f56bfc062723c751e8b465ee728b)  -> (artifact id: '00a96e17278e12b0e4ee453e913d6199') in 3.826873 seconds 
========================================================================
Received Import Request.
  Time since last request: 3.922844 seconds.
  path: Assets/M_Data/Prefab/Enemy/Enemy05.prefab
  artifactKey: Guid(ed091609edafeb84fa9631b38e9e49f6) Importer(815301076,1909f56bfc062723c751e8b465ee728b)
Start importing Assets/M_Data/Prefab/Enemy/Enemy05.prefab using Guid(ed091609edafeb84fa9631b38e9e49f6) Importer(815301076,1909f56bfc062723c751e8b465ee728b)  -> (artifact id: 'cc4140e4013b16eec1ce5a1c4b3de5f9') in 1.807945 seconds 
========================================================================
Received Prepare
Registering precompiled user dll's ...
Registered in 0.016742 seconds.
Begin MonoManager ReloadAssembly
Symbol file LoadedFromMemory doesn't match image D:\BH_Sotusei_NewGit6\New6_Sotugyouseisaku_10\Library\PackageCache\com.unity.visualscripting@1.7.6\Editor\VisualScripting.Core\Dependencies\DotNetZip\Unity.VisualScripting.IonicZip.dll
Symbol file LoadedFromMemory doesn't match image D:\BH_Sotusei_NewGit6\New6_Sotugyouseisaku_10\Library\PackageCache\com.unity.visualscripting@1.7.6\Editor\VisualScripting.Core\Dependencies\YamlDotNet\Unity.VisualScripting.YamlDotNet.dll
Native extension for WindowsStandalone target not found
Native extension for Android target not found
Refreshing native plugins compatible for Editor in 2.63 ms, found 13 plugins.
Preloading 1 native plugins for Editor in 0.12 ms.
System.Reflection.TargetInvocationException: Exception has been thrown by the target of an invocation. ---> System.NullReferenceException: Object reference not set to an instance of an object
  at Unity.XR.Oculus.OculusLoader.AssetPathToAbsolutePath (System.String assetPath) [0x00041] in D:\BH_Sotusei_NewGit6\New6_Sotugyouseisaku_10\Library\PackageCache\com.unity.xr.oculus@3.0.2\Runtime\OculusLoader.cs:271 
  at Unity.XR.Oculus.OculusLoader.EditorLoadOVRPlugin () [0x000b0] in D:\BH_Sotusei_NewGit6\New6_Sotugyouseisaku_10\Library\PackageCache\com.unity.xr.oculus@3.0.2\Runtime\OculusLoader.cs:256 
  at (wrapper managed-to-native) System.Reflection.RuntimeMethodInfo.InternalInvoke(System.Reflection.RuntimeMethodInfo,object,object[],System.Exception&)
  at System.Reflection.RuntimeMethodInfo.Invoke (System.Object obj, System.Reflection.BindingFlags invokeAttr, System.Reflection.Binder binder, System.Object[] parameters, System.Globalization.CultureInfo culture) [0x0006a] in <6073cf49ed704e958b8a66d540dea948>:0 
   --- End of inner exception stack trace ---
  at System.Reflection.RuntimeMethodInfo.Invoke (System.Object obj, System.Reflection.BindingFlags invokeAttr, System.Reflection.Binder binder, System.Object[] parameters, System.Globalization.CultureInfo culture) [0x00083] in <6073cf49ed704e958b8a66d540dea948>:0 
  at System.Reflection.MethodBase.Invoke (System.Object obj, System.Object[] parameters) [0x00000] in <6073cf49ed704e958b8a66d540dea948>:0 
  at UnityEditor.EditorAssemblies.ProcessInitializeOnLoadMethodAttributes () [0x000a5] in <1f61d5eefcc74dff84f661b4a4dc8479>:0 
UnityEngine.StackTraceUtility:ExtractStackTrace ()
UnityEngine.DebugLogHandler:LogFormat (UnityEngine.LogType,UnityEngine.Object,string,object[])
UnityEngine.Logger:Log (UnityEngine.LogType,object)
UnityEngine.Debug:LogError (object)
UnityEditor.EditorAssemblies:ProcessInitializeOnLoadMethodAttributes ()

Mono: successfully reloaded assembly
- Completed reload, in  4.161 seconds
Domain Reload Profiling:
	ReloadAssembly (4162ms)
		BeginReloadAssembly (412ms)
			ExecutionOrderSort (0ms)
			DisableScriptedObjects (23ms)
			BackupInstance (0ms)
			ReleaseScriptingObjects (0ms)
			CreateAndSetChildDomain (130ms)
		EndReloadAssembly (3510ms)
			LoadAssemblies (274ms)
			RebuildTransferFunctionScriptingTraits (0ms)
			SetupTypeCache (753ms)
			ReleaseScriptCaches (3ms)
			RebuildScriptCaches (144ms)
			SetupLoadedEditorAssemblies (2206ms)
				LogAssemblyErrors (0ms)
				InitializePlatformSupportModulesInManaged (51ms)
				SetLoadedEditorAssemblies (3ms)
				RefreshPlugins (3ms)
				BeforeProcessingInitializeOnLoad (382ms)
				ProcessInitializeOnLoadAttributes (1437ms)
				ProcessInitializeOnLoadMethodAttributes (299ms)
				AfterProcessingInitializeOnLoad (30ms)
				EditorAssembliesLoaded (0ms)
			ExecutionOrderSort2 (0ms)
			AwakeInstancesAfterBackupRestoration (44ms)
Platform modules already initialized, skipping
Refreshing native plugins compatible for Editor in 9.51 ms, found 13 plugins.
Preloading 1 native plugins for Editor in 0.08 ms.
Unloading 7209 Unused Serialized files (Serialized files now loaded: 0)
Unloading 112 unused Assets / (13.2 MB). Loaded Objects now: 8066.
Memory consumption went from 354.7 MB to 341.5 MB.
Total: 18.148800 ms (FindLiveObjects: 0.743200 ms CreateObjectMapping: 0.689400 ms MarkObjects: 5.721300 ms  DeleteObjects: 10.992700 ms)

AssetImportParameters requested are different than current active one (requested -> active):
  custom:video-decoder-ogg-theora: a1e56fd34408186e4bbccfd4996cb3dc -> 
  custom:container-muxer-webm: aa71ff27fc2769a1b78a27578f13a17b -> 
  custom:container-demuxer-webm: 4f35f7cbe854078d1ac9338744f61a02 -> 
  custom:video-encoder-webm-vp8: eb34c28f22e8b96e1ab97ce403110664 -> 
  custom:audio-encoder-webm-vorbis: bf7c407c2cedff20999df2af8eb42d56 -> 
  custom:framework-win-MediaFoundation: 216162199b28c13a410421893ffa2e32 -> 
  custom:container-demuxer-ogg: 62fdf1f143b41e24485cea50d1cbac27 -> 
  custom:video-decoder-webm-vp8: 9c59270c3fd7afecdb556c50c9e8de78 -> 
  custom:audio-decoder-ogg-vorbis: bf7c407c2cedff20999df2af8eb42d56 -> 
========================================================================
Received Import Request.
  Time since last request: 281.639611 seconds.
  path: Assets/StarterAssets
  artifactKey: Guid(97af4fa5a0c401e4cbf5304cb5856c44) Importer(815301076,1909f56bfc062723c751e8b465ee728b)
Start importing Assets/StarterAssets using Guid(97af4fa5a0c401e4cbf5304cb5856c44) Importer(815301076,1909f56bfc062723c751e8b465ee728b)  -> (artifact id: 'f580d82f8bf042c1b9a5e85dc08e0664') in 0.036562 seconds 
========================================================================
Received Import Request.
  Time since last request: 4.582318 seconds.
  path: Assets/StreamingAssets
  artifactKey: Guid(86bfdc5692038a2409157d43f9f13e85) Importer(815301076,1909f56bfc062723c751e8b465ee728b)
Start importing Assets/StreamingAssets using Guid(86bfdc5692038a2409157d43f9f13e85) Importer(815301076,1909f56bfc062723c751e8b465ee728b)  -> (artifact id: 'ce3923983a8c94e40fe00d75f8fb9e95') in 0.010085 seconds 
========================================================================
Received Import Request.
  Time since last request: 6.576360 seconds.
  path: Assets/VRM
  artifactKey: Guid(e703287006021ed498f6664babe40a9d) Importer(815301076,1909f56bfc062723c751e8b465ee728b)
Start importing Assets/VRM using Guid(e703287006021ed498f6664babe40a9d) Importer(815301076,1909f56bfc062723c751e8b465ee728b)  -> (artifact id: '87e08ff40ab7db528dec5e0ee4d6af02') in 0.007062 seconds 
========================================================================
Received Import Request.
  Time since last request: 7.884318 seconds.
  path: Assets/StreamingAssets/gameData.txt
  artifactKey: Guid(605cd538240f2c640afeebcbda8d6c16) Importer(815301076,1909f56bfc062723c751e8b465ee728b)
Start importing Assets/StreamingAssets/gameData.txt using Guid(605cd538240f2c640afeebcbda8d6c16) Importer(815301076,1909f56bfc062723c751e8b465ee728b)  -> (artifact id: '67f50e72644a5ec9b72cc36678afbe7d') in 0.029919 seconds 
========================================================================
Received Import Request.
  Time since last request: 62.640981 seconds.
  path: Assets/StreamingAssets/gameData.txt
  artifactKey: Guid(605cd538240f2c640afeebcbda8d6c16) Importer(815301076,1909f56bfc062723c751e8b465ee728b)
Start importing Assets/StreamingAssets/gameData.txt using Guid(605cd538240f2c640afeebcbda8d6c16) Importer(815301076,1909f56bfc062723c751e8b465ee728b)  -> (artifact id: '724b7c126243631b820fbd85af17d655') in 0.008916 seconds 
========================================================================
Received Import Request.
  Time since last request: 14.483789 seconds.
  path: Assets/StreamingAssets/gameData.txt
  artifactKey: Guid(605cd538240f2c640afeebcbda8d6c16) Importer(815301076,1909f56bfc062723c751e8b465ee728b)
Start importing Assets/StreamingAssets/gameData.txt using Guid(605cd538240f2c640afeebcbda8d6c16) Importer(815301076,1909f56bfc062723c751e8b465ee728b)  -> (artifact id: 'fa471ab0f784823e65ae1145256b96bb') in 0.011659 seconds 
========================================================================
Received Prepare
Registering precompiled user dll's ...
Registered in 0.018447 seconds.
Begin MonoManager ReloadAssembly
Symbol file LoadedFromMemory doesn't match image D:\BH_Sotusei_NewGit6\New6_Sotugyouseisaku_10\Library\PackageCache\com.unity.visualscripting@1.7.6\Editor\VisualScripting.Core\Dependencies\DotNetZip\Unity.VisualScripting.IonicZip.dll
Symbol file LoadedFromMemory doesn't match image D:\BH_Sotusei_NewGit6\New6_Sotugyouseisaku_10\Library\PackageCache\com.unity.visualscripting@1.7.6\Editor\VisualScripting.Core\Dependencies\YamlDotNet\Unity.VisualScripting.YamlDotNet.dll
Native extension for WindowsStandalone target not found
Native extension for Android target not found
Refreshing native plugins compatible for Editor in 3.30 ms, found 13 plugins.
Preloading 1 native plugins for Editor in 0.12 ms.
System.Reflection.TargetInvocationException: Exception has been thrown by the target of an invocation. ---> System.NullReferenceException: Object reference not set to an instance of an object
  at Unity.XR.Oculus.OculusLoader.AssetPathToAbsolutePath (System.String assetPath) [0x00041] in D:\BH_Sotusei_NewGit6\New6_Sotugyouseisaku_10\Library\PackageCache\com.unity.xr.oculus@3.0.2\Runtime\OculusLoader.cs:271 
  at Unity.XR.Oculus.OculusLoader.EditorLoadOVRPlugin () [0x000b0] in D:\BH_Sotusei_NewGit6\New6_Sotugyouseisaku_10\Library\PackageCache\com.unity.xr.oculus@3.0.2\Runtime\OculusLoader.cs:256 
  at (wrapper managed-to-native) System.Reflection.RuntimeMethodInfo.InternalInvoke(System.Reflection.RuntimeMethodInfo,object,object[],System.Exception&)
  at System.Reflection.RuntimeMethodInfo.Invoke (System.Object obj, System.Reflection.BindingFlags invokeAttr, System.Reflection.Binder binder, System.Object[] parameters, System.Globalization.CultureInfo culture) [0x0006a] in <6073cf49ed704e958b8a66d540dea948>:0 
   --- End of inner exception stack trace ---
  at System.Reflection.RuntimeMethodInfo.Invoke (System.Object obj, System.Reflection.BindingFlags invokeAttr, System.Reflection.Binder binder, System.Object[] parameters, System.Globalization.CultureInfo culture) [0x00083] in <6073cf49ed704e958b8a66d540dea948>:0 
  at System.Reflection.MethodBase.Invoke (System.Object obj, System.Object[] parameters) [0x00000] in <6073cf49ed704e958b8a66d540dea948>:0 
  at UnityEditor.EditorAssemblies.ProcessInitializeOnLoadMethodAttributes () [0x000a5] in <1f61d5eefcc74dff84f661b4a4dc8479>:0 
UnityEngine.StackTraceUtility:ExtractStackTrace ()
UnityEngine.DebugLogHandler:LogFormat (UnityEngine.LogType,UnityEngine.Object,string,object[])
UnityEngine.Logger:Log (UnityEngine.LogType,object)
UnityEngine.Debug:LogError (object)
UnityEditor.EditorAssemblies:ProcessInitializeOnLoadMethodAttributes ()

Mono: successfully reloaded assembly
- Completed reload, in  3.580 seconds
Domain Reload Profiling:
	ReloadAssembly (3581ms)
		BeginReloadAssembly (295ms)
			ExecutionOrderSort (0ms)
			DisableScriptedObjects (7ms)
			BackupInstance (0ms)
			ReleaseScriptingObjects (0ms)
			CreateAndSetChildDomain (94ms)
		EndReloadAssembly (3030ms)
			LoadAssemblies (204ms)
			RebuildTransferFunctionScriptingTraits (0ms)
			SetupTypeCache (641ms)
			ReleaseScriptCaches (3ms)
			RebuildScriptCaches (118ms)
			SetupLoadedEditorAssemblies (1822ms)
				LogAssemblyErrors (0ms)
				InitializePlatformSupportModulesInManaged (37ms)
				SetLoadedEditorAssemblies (1ms)
				RefreshPlugins (4ms)
				BeforeProcessingInitializeOnLoad (327ms)
				ProcessInitializeOnLoadAttributes (1172ms)
				ProcessInitializeOnLoadMethodAttributes (264ms)
				AfterProcessingInitializeOnLoad (17ms)
				EditorAssembliesLoaded (1ms)
			ExecutionOrderSort2 (1ms)
			AwakeInstancesAfterBackupRestoration (40ms)
Platform modules already initialized, skipping
Refreshing native plugins compatible for Editor in 8.63 ms, found 13 plugins.
Preloading 1 native plugins for Editor in 0.07 ms.
Unloading 7210 Unused Serialized files (Serialized files now loaded: 0)
Unloading 110 unused Assets / (13.2 MB). Loaded Objects now: 8082.
Memory consumption went from 354.8 MB to 341.6 MB.
Total: 16.213900 ms (FindLiveObjects: 0.743500 ms CreateObjectMapping: 0.921000 ms MarkObjects: 6.013900 ms  DeleteObjects: 8.533700 ms)

AssetImportParameters requested are different than current active one (requested -> active):
  custom:video-decoder-ogg-theora: a1e56fd34408186e4bbccfd4996cb3dc -> 
  custom:container-muxer-webm: aa71ff27fc2769a1b78a27578f13a17b -> 
  custom:container-demuxer-webm: 4f35f7cbe854078d1ac9338744f61a02 -> 
  custom:video-encoder-webm-vp8: eb34c28f22e8b96e1ab97ce403110664 -> 
  custom:audio-encoder-webm-vorbis: bf7c407c2cedff20999df2af8eb42d56 -> 
  custom:framework-win-MediaFoundation: 216162199b28c13a410421893ffa2e32 -> 
  custom:container-demuxer-ogg: 62fdf1f143b41e24485cea50d1cbac27 -> 
  custom:video-decoder-webm-vp8: 9c59270c3fd7afecdb556c50c9e8de78 -> 
  custom:audio-decoder-ogg-vorbis: bf7c407c2cedff20999df2af8eb42d56 -> 
========================================================================
Received Import Request.
  Time since last request: 276.037428 seconds.
  path: Assets/StreamingAssets/questData.txt
  artifactKey: Guid(0c4f70da97046bd4fa0c63d559e3ab87) Importer(815301076,1909f56bfc062723c751e8b465ee728b)
Start importing Assets/StreamingAssets/questData.txt using Guid(0c4f70da97046bd4fa0c63d559e3ab87) Importer(815301076,1909f56bfc062723c751e8b465ee728b)  -> (artifact id: 'e27186c1040c2d8b531f05a763adaefb') in 0.042188 seconds 
========================================================================
Received Import Request.
  Time since last request: 84.298370 seconds.
  path: Assets/StreamingAssets/questData.txt
  artifactKey: Guid(0c4f70da97046bd4fa0c63d559e3ab87) Importer(815301076,1909f56bfc062723c751e8b465ee728b)
Start importing Assets/StreamingAssets/questData.txt using Guid(0c4f70da97046bd4fa0c63d559e3ab87) Importer(815301076,1909f56bfc062723c751e8b465ee728b)  -> (artifact id: 'c83fe76a8863828af9a66caf75f5cda9') in 0.001978 seconds 
========================================================================
Received Import Request.
  Time since last request: 31.340026 seconds.
  path: Assets/StreamingAssets/questData.txt
  artifactKey: Guid(0c4f70da97046bd4fa0c63d559e3ab87) Importer(815301076,1909f56bfc062723c751e8b465ee728b)
Start importing Assets/StreamingAssets/questData.txt using Guid(0c4f70da97046bd4fa0c63d559e3ab87) Importer(815301076,1909f56bfc062723c751e8b465ee728b)  -> (artifact id: 'e28b51ade71a30fff555fde7e13923b4') in 0.001808 seconds 
========================================================================
Received Prepare
Registering precompiled user dll's ...
Registered in 0.015818 seconds.
Begin MonoManager ReloadAssembly
Symbol file LoadedFromMemory doesn't match image D:\BH_Sotusei_NewGit6\New6_Sotugyouseisaku_10\Library\PackageCache\com.unity.visualscripting@1.7.6\Editor\VisualScripting.Core\Dependencies\DotNetZip\Unity.VisualScripting.IonicZip.dll
Symbol file LoadedFromMemory doesn't match image D:\BH_Sotusei_NewGit6\New6_Sotugyouseisaku_10\Library\PackageCache\com.unity.visualscripting@1.7.6\Editor\VisualScripting.Core\Dependencies\YamlDotNet\Unity.VisualScripting.YamlDotNet.dll
Native extension for WindowsStandalone target not found
Native extension for Android target not found
Refreshing native plugins compatible for Editor in 2.50 ms, found 13 plugins.
Preloading 1 native plugins for Editor in 0.10 ms.
System.Reflection.TargetInvocationException: Exception has been thrown by the target of an invocation. ---> System.NullReferenceException: Object reference not set to an instance of an object
  at Unity.XR.Oculus.OculusLoader.AssetPathToAbsolutePath (System.String assetPath) [0x00041] in D:\BH_Sotusei_NewGit6\New6_Sotugyouseisaku_10\Library\PackageCache\com.unity.xr.oculus@3.0.2\Runtime\OculusLoader.cs:271 
  at Unity.XR.Oculus.OculusLoader.EditorLoadOVRPlugin () [0x000b0] in D:\BH_Sotusei_NewGit6\New6_Sotugyouseisaku_10\Library\PackageCache\com.unity.xr.oculus@3.0.2\Runtime\OculusLoader.cs:256 
  at (wrapper managed-to-native) System.Reflection.RuntimeMethodInfo.InternalInvoke(System.Reflection.RuntimeMethodInfo,object,object[],System.Exception&)
  at System.Reflection.RuntimeMethodInfo.Invoke (System.Object obj, System.Reflection.BindingFlags invokeAttr, System.Reflection.Binder binder, System.Object[] parameters, System.Globalization.CultureInfo culture) [0x0006a] in <6073cf49ed704e958b8a66d540dea948>:0 
   --- End of inner exception stack trace ---
  at System.Reflection.RuntimeMethodInfo.Invoke (System.Object obj, System.Reflection.BindingFlags invokeAttr, System.Reflection.Binder binder, System.Object[] parameters, System.Globalization.CultureInfo culture) [0x00083] in <6073cf49ed704e958b8a66d540dea948>:0 
  at System.Reflection.MethodBase.Invoke (System.Object obj, System.Object[] parameters) [0x00000] in <6073cf49ed704e958b8a66d540dea948>:0 
  at UnityEditor.EditorAssemblies.ProcessInitializeOnLoadMethodAttributes () [0x000a5] in <1f61d5eefcc74dff84f661b4a4dc8479>:0 
UnityEngine.StackTraceUtility:ExtractStackTrace ()
UnityEngine.DebugLogHandler:LogFormat (UnityEngine.LogType,UnityEngine.Object,string,object[])
UnityEngine.Logger:Log (UnityEngine.LogType,object)
UnityEngine.Debug:LogError (object)
UnityEditor.EditorAssemblies:ProcessInitializeOnLoadMethodAttributes ()

Mono: successfully reloaded assembly
- Completed reload, in  4.164 seconds
Domain Reload Profiling:
	ReloadAssembly (4167ms)
		BeginReloadAssembly (370ms)
			ExecutionOrderSort (0ms)
			DisableScriptedObjects (13ms)
			BackupInstance (0ms)
			ReleaseScriptingObjects (0ms)
			CreateAndSetChildDomain (127ms)
		EndReloadAssembly (3577ms)
			LoadAssemblies (238ms)
			RebuildTransferFunctionScriptingTraits (0ms)
			SetupTypeCache (767ms)
			ReleaseScriptCaches (6ms)
			RebuildScriptCaches (126ms)
			SetupLoadedEditorAssemblies (2240ms)
				LogAssemblyErrors (0ms)
				InitializePlatformSupportModulesInManaged (48ms)
				SetLoadedEditorAssemblies (1ms)
				RefreshPlugins (3ms)
				BeforeProcessingInitializeOnLoad (381ms)
				ProcessInitializeOnLoadAttributes (1403ms)
				ProcessInitializeOnLoadMethodAttributes (378ms)
				AfterProcessingInitializeOnLoad (26ms)
				EditorAssembliesLoaded (1ms)
			ExecutionOrderSort2 (0ms)
			AwakeInstancesAfterBackupRestoration (47ms)
Platform modules already initialized, skipping
Refreshing native plugins compatible for Editor in 9.87 ms, found 13 plugins.
Preloading 1 native plugins for Editor in 0.07 ms.
Unloading 7210 Unused Serialized files (Serialized files now loaded: 0)
Unloading 110 unused Assets / (13.1 MB). Loaded Objects now: 8098.
Memory consumption went from 354.8 MB to 341.7 MB.
Total: 17.197700 ms (FindLiveObjects: 0.727500 ms CreateObjectMapping: 1.057000 ms MarkObjects: 7.293500 ms  DeleteObjects: 8.117600 ms)

AssetImportParameters requested are different than current active one (requested -> active):
  custom:video-decoder-ogg-theora: a1e56fd34408186e4bbccfd4996cb3dc -> 
  custom:container-muxer-webm: aa71ff27fc2769a1b78a27578f13a17b -> 
  custom:container-demuxer-webm: 4f35f7cbe854078d1ac9338744f61a02 -> 
  custom:video-encoder-webm-vp8: eb34c28f22e8b96e1ab97ce403110664 -> 
  custom:audio-encoder-webm-vorbis: bf7c407c2cedff20999df2af8eb42d56 -> 
  custom:framework-win-MediaFoundation: 216162199b28c13a410421893ffa2e32 -> 
  custom:container-demuxer-ogg: 62fdf1f143b41e24485cea50d1cbac27 -> 
  custom:video-decoder-webm-vp8: 9c59270c3fd7afecdb556c50c9e8de78 -> 
  custom:audio-decoder-ogg-vorbis: bf7c407c2cedff20999df2af8eb42d56 -> 
========================================================================
Received Prepare
Registering precompiled user dll's ...
Registered in 0.025904 seconds.
Begin MonoManager ReloadAssembly
Symbol file LoadedFromMemory doesn't match image D:\BH_Sotusei_NewGit6\New6_Sotugyouseisaku_10\Library\PackageCache\com.unity.visualscripting@1.7.6\Editor\VisualScripting.Core\Dependencies\DotNetZip\Unity.VisualScripting.IonicZip.dll
Symbol file LoadedFromMemory doesn't match image D:\BH_Sotusei_NewGit6\New6_Sotugyouseisaku_10\Library\PackageCache\com.unity.visualscripting@1.7.6\Editor\VisualScripting.Core\Dependencies\YamlDotNet\Unity.VisualScripting.YamlDotNet.dll
Native extension for WindowsStandalone target not found
Native extension for Android target not found
Refreshing native plugins compatible for Editor in 2.83 ms, found 13 plugins.
Preloading 1 native plugins for Editor in 0.11 ms.
System.Reflection.TargetInvocationException: Exception has been thrown by the target of an invocation. ---> System.NullReferenceException: Object reference not set to an instance of an object
  at Unity.XR.Oculus.OculusLoader.AssetPathToAbsolutePath (System.String assetPath) [0x00041] in D:\BH_Sotusei_NewGit6\New6_Sotugyouseisaku_10\Library\PackageCache\com.unity.xr.oculus@3.0.2\Runtime\OculusLoader.cs:271 
  at Unity.XR.Oculus.OculusLoader.EditorLoadOVRPlugin () [0x000b0] in D:\BH_Sotusei_NewGit6\New6_Sotugyouseisaku_10\Library\PackageCache\com.unity.xr.oculus@3.0.2\Runtime\OculusLoader.cs:256 
  at (wrapper managed-to-native) System.Reflection.RuntimeMethodInfo.InternalInvoke(System.Reflection.RuntimeMethodInfo,object,object[],System.Exception&)
  at System.Reflection.RuntimeMethodInfo.Invoke (System.Object obj, System.Reflection.BindingFlags invokeAttr, System.Reflection.Binder binder, System.Object[] parameters, System.Globalization.CultureInfo culture) [0x0006a] in <6073cf49ed704e958b8a66d540dea948>:0 
   --- End of inner exception stack trace ---
  at System.Reflection.RuntimeMethodInfo.Invoke (System.Object obj, System.Reflection.BindingFlags invokeAttr, System.Reflection.Binder binder, System.Object[] parameters, System.Globalization.CultureInfo culture) [0x00083] in <6073cf49ed704e958b8a66d540dea948>:0 
  at System.Reflection.MethodBase.Invoke (System.Object obj, System.Object[] parameters) [0x00000] in <6073cf49ed704e958b8a66d540dea948>:0 
  at UnityEditor.EditorAssemblies.ProcessInitializeOnLoadMethodAttributes () [0x000a5] in <1f61d5eefcc74dff84f661b4a4dc8479>:0 
UnityEngine.StackTraceUtility:ExtractStackTrace ()
UnityEngine.DebugLogHandler:LogFormat (UnityEngine.LogType,UnityEngine.Object,string,object[])
UnityEngine.Logger:Log (UnityEngine.LogType,object)
UnityEngine.Debug:LogError (object)
UnityEditor.EditorAssemblies:ProcessInitializeOnLoadMethodAttributes ()

System.Reflection.TargetInvocationException: Exception has been thrown by the target of an invocation. ---> System.IO.IOException: Sharing violation on path D:\BH_Sotusei_NewGit6\New6_Sotugyouseisaku_10\Assets\VRM\lilToon\Editor\CurrentRP.txt
  at System.IO.FileStream..ctor (System.String path, System.IO.FileMode mode, System.IO.FileAccess access, System.IO.FileShare share, System.Int32 bufferSize, System.Boolean anonymous, System.IO.FileOptions options) [0x0019e] in <6073cf49ed704e958b8a66d540dea948>:0 
  at System.IO.FileStream..ctor (System.String path, System.IO.FileMode mode, System.IO.FileAccess access, System.IO.FileShare share, System.Int32 bufferSize, System.IO.FileOptions options) [0x00000] in <6073cf49ed704e958b8a66d540dea948>:0 
  at (wrapper remoting-invoke-with-check) System.IO.FileStream..ctor(string,System.IO.FileMode,System.IO.FileAccess,System.IO.FileShare,int,System.IO.FileOptions)
  at System.IO.StreamWriter..ctor (System.String path, System.Boolean append, System.Text.Encoding encoding, System.Int32 bufferSize) [0x00055] in <6073cf49ed704e958b8a66d540dea948>:0 
  at System.IO.StreamWriter..ctor (System.String path, System.Boolean append) [0x00008] in <6073cf49ed704e958b8a66d540dea948>:0 
  at (wrapper remoting-invoke-with-check) System.IO.StreamWriter..ctor(string,bool)
  at lilToon.lilStartup.lilStartupMethod () [0x000b0] in D:\BH_Sotusei_NewGit6\New6_Sotugyouseisaku_10\Assets\VRM\lilToon\Editor\lilStartup.cs:80 
  at (wrapper managed-to-native) System.Reflection.RuntimeMethodInfo.InternalInvoke(System.Reflection.RuntimeMethodInfo,object,object[],System.Exception&)
  at System.Reflection.RuntimeMethodInfo.Invoke (System.Object obj, System.Reflection.BindingFlags invokeAttr, System.Reflection.Binder binder, System.Object[] parameters, System.Globalization.CultureInfo culture) [0x0006a] in <6073cf49ed704e958b8a66d540dea948>:0 
   --- End of inner exception stack trace ---
  at System.Reflection.RuntimeMethodInfo.Invoke (System.Object obj, System.Reflection.BindingFlags invokeAttr, System.Reflection.Binder binder, System.Object[] parameters, System.Globalization.CultureInfo culture) [0x00083] in <6073cf49ed704e958b8a66d540dea948>:0 
  at System.Reflection.MethodBase.Invoke (System.Object obj, System.Object[] parameters) [0x00000] in <6073cf49ed704e958b8a66d540dea948>:0 
  at UnityEditor.EditorAssemblies.ProcessInitializeOnLoadMethodAttributes () [0x000a5] in <1f61d5eefcc74dff84f661b4a4dc8479>:0 
UnityEngine.StackTraceUtility:ExtractStackTrace ()
UnityEngine.DebugLogHandler:LogFormat (UnityEngine.LogType,UnityEngine.Object,string,object[])
UnityEngine.Logger:Log (UnityEngine.LogType,object)
UnityEngine.Debug:LogError (object)
UnityEditor.EditorAssemblies:ProcessInitializeOnLoadMethodAttributes ()

Mono: successfully reloaded assembly
- Completed reload, in  4.828 seconds
Domain Reload Profiling:
	ReloadAssembly (4829ms)
		BeginReloadAssembly (378ms)
			ExecutionOrderSort (0ms)
			DisableScriptedObjects (17ms)
			BackupInstance (0ms)
			ReleaseScriptingObjects (0ms)
			CreateAndSetChildDomain (117ms)
		EndReloadAssembly (4153ms)
			LoadAssemblies (268ms)
			RebuildTransferFunctionScriptingTraits (0ms)
			SetupTypeCache (742ms)
			ReleaseScriptCaches (7ms)
			RebuildScriptCaches (194ms)
			SetupLoadedEditorAssemblies (2745ms)
				LogAssemblyErrors (0ms)
				InitializePlatformSupportModulesInManaged (65ms)
				SetLoadedEditorAssemblies (1ms)
				RefreshPlugins (3ms)
				BeforeProcessingInitializeOnLoad (424ms)
				ProcessInitializeOnLoadAttributes (1935ms)
				ProcessInitializeOnLoadMethodAttributes (296ms)
				AfterProcessingInitializeOnLoad (21ms)
				EditorAssembliesLoaded (0ms)
			ExecutionOrderSort2 (0ms)
			AwakeInstancesAfterBackupRestoration (40ms)
Platform modules already initialized, skipping
Refreshing native plugins compatible for Editor in 12.83 ms, found 13 plugins.
Preloading 1 native plugins for Editor in 0.08 ms.
Unloading 7210 Unused Serialized files (Serialized files now loaded: 0)
Unloading 110 unused Assets / (13.1 MB). Loaded Objects now: 8114.
Memory consumption went from 354.8 MB to 341.7 MB.
Total: 16.394900 ms (FindLiveObjects: 0.849000 ms CreateObjectMapping: 0.793900 ms MarkObjects: 6.036300 ms  DeleteObjects: 8.714400 ms)

AssetImportParameters requested are different than current active one (requested -> active):
  custom:video-decoder-ogg-theora: a1e56fd34408186e4bbccfd4996cb3dc -> 
  custom:container-muxer-webm: aa71ff27fc2769a1b78a27578f13a17b -> 
  custom:container-demuxer-webm: 4f35f7cbe854078d1ac9338744f61a02 -> 
  custom:video-encoder-webm-vp8: eb34c28f22e8b96e1ab97ce403110664 -> 
  custom:audio-encoder-webm-vorbis: bf7c407c2cedff20999df2af8eb42d56 -> 
  custom:framework-win-MediaFoundation: 216162199b28c13a410421893ffa2e32 -> 
  custom:container-demuxer-ogg: 62fdf1f143b41e24485cea50d1cbac27 -> 
  custom:video-decoder-webm-vp8: 9c59270c3fd7afecdb556c50c9e8de78 -> 
  custom:audio-decoder-ogg-vorbis: bf7c407c2cedff20999df2af8eb42d56 -> 
========================================================================
Received Prepare
Registering precompiled user dll's ...
Registered in 0.023852 seconds.
Begin MonoManager ReloadAssembly
Symbol file LoadedFromMemory doesn't match image D:\BH_Sotusei_NewGit6\New6_Sotugyouseisaku_10\Library\PackageCache\com.unity.visualscripting@1.7.6\Editor\VisualScripting.Core\Dependencies\DotNetZip\Unity.VisualScripting.IonicZip.dll
Symbol file LoadedFromMemory doesn't match image D:\BH_Sotusei_NewGit6\New6_Sotugyouseisaku_10\Library\PackageCache\com.unity.visualscripting@1.7.6\Editor\VisualScripting.Core\Dependencies\YamlDotNet\Unity.VisualScripting.YamlDotNet.dll
Native extension for WindowsStandalone target not found
Native extension for Android target not found
Refreshing native plugins compatible for Editor in 4.65 ms, found 13 plugins.
Preloading 1 native plugins for Editor in 0.10 ms.
System.Reflection.TargetInvocationException: Exception has been thrown by the target of an invocation. ---> System.NullReferenceException: Object reference not set to an instance of an object
  at Unity.XR.Oculus.OculusLoader.AssetPathToAbsolutePath (System.String assetPath) [0x00041] in D:\BH_Sotusei_NewGit6\New6_Sotugyouseisaku_10\Library\PackageCache\com.unity.xr.oculus@3.0.2\Runtime\OculusLoader.cs:271 
  at Unity.XR.Oculus.OculusLoader.EditorLoadOVRPlugin () [0x000b0] in D:\BH_Sotusei_NewGit6\New6_Sotugyouseisaku_10\Library\PackageCache\com.unity.xr.oculus@3.0.2\Runtime\OculusLoader.cs:256 
  at (wrapper managed-to-native) System.Reflection.RuntimeMethodInfo.InternalInvoke(System.Reflection.RuntimeMethodInfo,object,object[],System.Exception&)
  at System.Reflection.RuntimeMethodInfo.Invoke (System.Object obj, System.Reflection.BindingFlags invokeAttr, System.Reflection.Binder binder, System.Object[] parameters, System.Globalization.CultureInfo culture) [0x0006a] in <6073cf49ed704e958b8a66d540dea948>:0 
   --- End of inner exception stack trace ---
  at System.Reflection.RuntimeMethodInfo.Invoke (System.Object obj, System.Reflection.BindingFlags invokeAttr, System.Reflection.Binder binder, System.Object[] parameters, System.Globalization.CultureInfo culture) [0x00083] in <6073cf49ed704e958b8a66d540dea948>:0 
  at System.Reflection.MethodBase.Invoke (System.Object obj, System.Object[] parameters) [0x00000] in <6073cf49ed704e958b8a66d540dea948>:0 
  at UnityEditor.EditorAssemblies.ProcessInitializeOnLoadMethodAttributes () [0x000a5] in <1f61d5eefcc74dff84f661b4a4dc8479>:0 
UnityEngine.StackTraceUtility:ExtractStackTrace ()
UnityEngine.DebugLogHandler:LogFormat (UnityEngine.LogType,UnityEngine.Object,string,object[])
UnityEngine.Logger:Log (UnityEngine.LogType,object)
UnityEngine.Debug:LogError (object)
UnityEditor.EditorAssemblies:ProcessInitializeOnLoadMethodAttributes ()

Mono: successfully reloaded assembly
- Completed reload, in  4.072 seconds
Domain Reload Profiling:
	ReloadAssembly (4074ms)
		BeginReloadAssembly (376ms)
			ExecutionOrderSort (0ms)
			DisableScriptedObjects (8ms)
			BackupInstance (0ms)
			ReleaseScriptingObjects (0ms)
			CreateAndSetChildDomain (113ms)
		EndReloadAssembly (3463ms)
			LoadAssemblies (243ms)
			RebuildTransferFunctionScriptingTraits (0ms)
			SetupTypeCache (769ms)
			ReleaseScriptCaches (3ms)
			RebuildScriptCaches (151ms)
			SetupLoadedEditorAssemblies (2172ms)
				LogAssemblyErrors (0ms)
				InitializePlatformSupportModulesInManaged (85ms)
				SetLoadedEditorAssemblies (2ms)
				RefreshPlugins (5ms)
				BeforeProcessingInitializeOnLoad (373ms)
				ProcessInitializeOnLoadAttributes (1409ms)
				ProcessInitializeOnLoadMethodAttributes (271ms)
				AfterProcessingInitializeOnLoad (28ms)
				EditorAssembliesLoaded (1ms)
			ExecutionOrderSort2 (0ms)
			AwakeInstancesAfterBackupRestoration (41ms)
Platform modules already initialized, skipping
Refreshing native plugins compatible for Editor in 11.16 ms, found 13 plugins.
Preloading 1 native plugins for Editor in 0.08 ms.
Unloading 7210 Unused Serialized files (Serialized files now loaded: 0)
Unloading 110 unused Assets / (13.1 MB). Loaded Objects now: 8130.
Memory consumption went from 354.9 MB to 341.7 MB.
Total: 13.515200 ms (FindLiveObjects: 0.660200 ms CreateObjectMapping: 0.587500 ms MarkObjects: 4.985100 ms  DeleteObjects: 7.280500 ms)

AssetImportParameters requested are different than current active one (requested -> active):
  custom:video-decoder-ogg-theora: a1e56fd34408186e4bbccfd4996cb3dc -> 
  custom:container-muxer-webm: aa71ff27fc2769a1b78a27578f13a17b -> 
  custom:container-demuxer-webm: 4f35f7cbe854078d1ac9338744f61a02 -> 
  custom:video-encoder-webm-vp8: eb34c28f22e8b96e1ab97ce403110664 -> 
  custom:audio-encoder-webm-vorbis: bf7c407c2cedff20999df2af8eb42d56 -> 
  custom:framework-win-MediaFoundation: 216162199b28c13a410421893ffa2e32 -> 
  custom:container-demuxer-ogg: 62fdf1f143b41e24485cea50d1cbac27 -> 
  custom:video-decoder-webm-vp8: 9c59270c3fd7afecdb556c50c9e8de78 -> 
  custom:audio-decoder-ogg-vorbis: bf7c407c2cedff20999df2af8eb42d56 -> 
========================================================================
Received Prepare
Registering precompiled user dll's ...
Registered in 0.010556 seconds.
Begin MonoManager ReloadAssembly
Symbol file LoadedFromMemory doesn't match image D:\BH_Sotusei_NewGit6\New6_Sotugyouseisaku_10\Library\PackageCache\com.unity.visualscripting@1.7.6\Editor\VisualScripting.Core\Dependencies\DotNetZip\Unity.VisualScripting.IonicZip.dll
Symbol file LoadedFromMemory doesn't match image D:\BH_Sotusei_NewGit6\New6_Sotugyouseisaku_10\Library\PackageCache\com.unity.visualscripting@1.7.6\Editor\VisualScripting.Core\Dependencies\YamlDotNet\Unity.VisualScripting.YamlDotNet.dll
Native extension for WindowsStandalone target not found
Native extension for Android target not found
Refreshing native plugins compatible for Editor in 2.16 ms, found 13 plugins.
Preloading 1 native plugins for Editor in 0.09 ms.
System.Reflection.TargetInvocationException: Exception has been thrown by the target of an invocation. ---> System.NullReferenceException: Object reference not set to an instance of an object
  at Unity.XR.Oculus.OculusLoader.AssetPathToAbsolutePath (System.String assetPath) [0x00041] in D:\BH_Sotusei_NewGit6\New6_Sotugyouseisaku_10\Library\PackageCache\com.unity.xr.oculus@3.0.2\Runtime\OculusLoader.cs:271 
  at Unity.XR.Oculus.OculusLoader.EditorLoadOVRPlugin () [0x000b0] in D:\BH_Sotusei_NewGit6\New6_Sotugyouseisaku_10\Library\PackageCache\com.unity.xr.oculus@3.0.2\Runtime\OculusLoader.cs:256 
  at (wrapper managed-to-native) System.Reflection.RuntimeMethodInfo.InternalInvoke(System.Reflection.RuntimeMethodInfo,object,object[],System.Exception&)
  at System.Reflection.RuntimeMethodInfo.Invoke (System.Object obj, System.Reflection.BindingFlags invokeAttr, System.Reflection.Binder binder, System.Object[] parameters, System.Globalization.CultureInfo culture) [0x0006a] in <6073cf49ed704e958b8a66d540dea948>:0 
   --- End of inner exception stack trace ---
  at System.Reflection.RuntimeMethodInfo.Invoke (System.Object obj, System.Reflection.BindingFlags invokeAttr, System.Reflection.Binder binder, System.Object[] parameters, System.Globalization.CultureInfo culture) [0x00083] in <6073cf49ed704e958b8a66d540dea948>:0 
  at System.Reflection.MethodBase.Invoke (System.Object obj, System.Object[] parameters) [0x00000] in <6073cf49ed704e958b8a66d540dea948>:0 
  at UnityEditor.EditorAssemblies.ProcessInitializeOnLoadMethodAttributes () [0x000a5] in <1f61d5eefcc74dff84f661b4a4dc8479>:0 
UnityEngine.StackTraceUtility:ExtractStackTrace ()
UnityEngine.DebugLogHandler:LogFormat (UnityEngine.LogType,UnityEngine.Object,string,object[])
UnityEngine.Logger:Log (UnityEngine.LogType,object)
UnityEngine.Debug:LogError (object)
UnityEditor.EditorAssemblies:ProcessInitializeOnLoadMethodAttributes ()

Mono: successfully reloaded assembly
- Completed reload, in  2.705 seconds
Domain Reload Profiling:
	ReloadAssembly (2706ms)
		BeginReloadAssembly (217ms)
			ExecutionOrderSort (0ms)
			DisableScriptedObjects (8ms)
			BackupInstance (0ms)
			ReleaseScriptingObjects (0ms)
			CreateAndSetChildDomain (65ms)
		EndReloadAssembly (2351ms)
			LoadAssemblies (147ms)
			RebuildTransferFunctionScriptingTraits (0ms)
			SetupTypeCache (447ms)
			ReleaseScriptCaches (3ms)
			RebuildScriptCaches (113ms)
			SetupLoadedEditorAssemblies (1507ms)
				LogAssemblyErrors (0ms)
				InitializePlatformSupportModulesInManaged (34ms)
				SetLoadedEditorAssemblies (1ms)
				RefreshPlugins (2ms)
				BeforeProcessingInitializeOnLoad (267ms)
				ProcessInitializeOnLoadAttributes (1012ms)
				ProcessInitializeOnLoadMethodAttributes (177ms)
				AfterProcessingInitializeOnLoad (13ms)
				EditorAssembliesLoaded (0ms)
			ExecutionOrderSort2 (0ms)
			AwakeInstancesAfterBackupRestoration (32ms)
Platform modules already initialized, skipping
Refreshing native plugins compatible for Editor in 8.52 ms, found 13 plugins.
Preloading 1 native plugins for Editor in 0.07 ms.
Unloading 7210 Unused Serialized files (Serialized files now loaded: 0)
Unloading 110 unused Assets / (13.1 MB). Loaded Objects now: 8146.
Memory consumption went from 354.9 MB to 341.8 MB.
Total: 13.040900 ms (FindLiveObjects: 0.786200 ms CreateObjectMapping: 0.761600 ms MarkObjects: 4.376700 ms  DeleteObjects: 7.115200 ms)

AssetImportParameters requested are different than current active one (requested -> active):
  custom:video-decoder-ogg-theora: a1e56fd34408186e4bbccfd4996cb3dc -> 
  custom:container-muxer-webm: aa71ff27fc2769a1b78a27578f13a17b -> 
  custom:container-demuxer-webm: 4f35f7cbe854078d1ac9338744f61a02 -> 
  custom:video-encoder-webm-vp8: eb34c28f22e8b96e1ab97ce403110664 -> 
  custom:audio-encoder-webm-vorbis: bf7c407c2cedff20999df2af8eb42d56 -> 
  custom:framework-win-MediaFoundation: 216162199b28c13a410421893ffa2e32 -> 
  custom:container-demuxer-ogg: 62fdf1f143b41e24485cea50d1cbac27 -> 
  custom:video-decoder-webm-vp8: 9c59270c3fd7afecdb556c50c9e8de78 -> 
  custom:audio-decoder-ogg-vorbis: bf7c407c2cedff20999df2af8eb42d56 -> 
========================================================================
Received Import Request.
  Time since last request: 280.630946 seconds.
  path: Assets/SAColliderBuilder
  artifactKey: Guid(ed1738773efda6344aa9900860e8b433) Importer(815301076,1909f56bfc062723c751e8b465ee728b)
Start importing Assets/SAColliderBuilder using Guid(ed1738773efda6344aa9900860e8b433) Importer(815301076,1909f56bfc062723c751e8b465ee728b)  -> (artifact id: '09e789f42b7a29f14551b37f9941d2b4') in 0.106382 seconds 
========================================================================
Received Import Request.
  Time since last request: 4.478795 seconds.
  path: Assets/S_Data/Scripts
  artifactKey: Guid(4b01d75e8ff01874093b816cf1353269) Importer(815301076,1909f56bfc062723c751e8b465ee728b)
Start importing Assets/S_Data/Scripts using Guid(4b01d75e8ff01874093b816cf1353269) Importer(815301076,1909f56bfc062723c751e8b465ee728b)  -> (artifact id: 'c452c4daa7d46abac39dfa155616e30e') in 0.006360 seconds 
========================================================================
Received Import Request.
  Time since last request: 3.405777 seconds.
  path: Assets/S_Data/Scripts/ConnectExternalFile
  artifactKey: Guid(8512aa62507b89a499766fd1d8f4c07f) Importer(815301076,1909f56bfc062723c751e8b465ee728b)
Start importing Assets/S_Data/Scripts/ConnectExternalFile using Guid(8512aa62507b89a499766fd1d8f4c07f) Importer(815301076,1909f56bfc062723c751e8b465ee728b)  -> (artifact id: '57cb6d3b064fd862bd1f0e3bd05fe59c') in 0.007016 seconds 
========================================================================
Received Import Request.
  Time since last request: 1.795489 seconds.
  path: Assets/S_Data/Scripts/ConnectExternalFile/ConnectionFile.cs
  artifactKey: Guid(0ee96e195eba8c540af3478b6fb4335c) Importer(815301076,1909f56bfc062723c751e8b465ee728b)
Start importing Assets/S_Data/Scripts/ConnectExternalFile/ConnectionFile.cs using Guid(0ee96e195eba8c540af3478b6fb4335c) Importer(815301076,1909f56bfc062723c751e8b465ee728b)  -> (artifact id: '67160da4fcd8c5019ed3d0064609459f') in 0.008920 seconds 
