Using pre-set license
Built from '2021.2/staging' branch; Version is '2021.2.18f1 (0c6e675195cf) revision 814695'; Using compiler version '192829333'; Build Type 'Release'
OS: 'Windows 10  (10.0.19045) 64bit Professional' Language: 'ja' Physical Memory: 16229 MB
BatchMode: 1, IsHumanControllingUs: 0, StartBugReporterOnCrash: 0, Is64bit: 1, IsPro: 1

COMMAND LINE ARGUMENTS:
C:\Program Files\Unity\Hub\Editor\2021.2.18f1\Editor\Unity.exe
-adb2
-batchMode
-noUpm
-name
AssetImportWorker1
-projectPath
D:/BH_Sotusei_NewGit6/New6_Sotugyouseisaku_10
-logFile
Logs/AssetImportWorker1.log
-srvPort
54293
Successfully changed project path to: D:/BH_Sotusei_NewGit6/New6_Sotugyouseisaku_10
D:/BH_Sotusei_NewGit6/New6_Sotugyouseisaku_10
[UnityMemory] Configuration Parameters - Can be set up in boot.config
    "memorysetup-bucket-allocator-granularity=16"
    "memorysetup-bucket-allocator-bucket-count=8"
    "memorysetup-bucket-allocator-block-size=33554432"
    "memorysetup-bucket-allocator-block-count=8"
    "memorysetup-main-allocator-block-size=16777216"
    "memorysetup-thread-allocator-block-size=16777216"
    "memorysetup-gfx-main-allocator-block-size=16777216"
    "memorysetup-gfx-thread-allocator-block-size=16777216"
    "memorysetup-cache-allocator-block-size=4194304"
    "memorysetup-typetree-allocator-block-size=2097152"
    "memorysetup-profiler-bucket-allocator-granularity=16"
    "memorysetup-profiler-bucket-allocator-bucket-count=8"
    "memorysetup-profiler-bucket-allocator-block-size=33554432"
    "memorysetup-profiler-bucket-allocator-block-count=8"
    "memorysetup-profiler-allocator-block-size=16777216"
    "memorysetup-profiler-editor-allocator-block-size=1048576"
    "memorysetup-temp-allocator-size-main=16777216"
    "memorysetup-job-temp-allocator-block-size=2097152"
    "memorysetup-job-temp-allocator-block-size-background=1048576"
    "memorysetup-job-temp-allocator-reduction-small-platforms=262144"
    "memorysetup-temp-allocator-size-background-worker=32768"
    "memorysetup-temp-allocator-size-job-worker=262144"
    "memorysetup-temp-allocator-size-preload-manager=33554432"
    "memorysetup-temp-allocator-size-nav-mesh-worker=65536"
    "memorysetup-temp-allocator-size-audio-worker=65536"
    "memorysetup-temp-allocator-size-cloud-worker=32768"
    "memorysetup-temp-allocator-size-gi-baking-worker=262144"
    "memorysetup-temp-allocator-size-gfx=262144"
Refreshing native plugins compatible for Editor in 272.76 ms, found 13 plugins.
Preloading 1 native plugins for Editor in 25.10 ms.
Initialize engine version: 2021.2.18f1 (0c6e675195cf)
[Subsystems] Discovering subsystems at path C:/Program Files/Unity/Hub/Editor/2021.2.18f1/Editor/Data/Resources/UnitySubsystems
[Subsystems] Discovering subsystems at path D:/BH_Sotusei_NewGit6/New6_Sotugyouseisaku_10/Assets
GfxDevice: creating device client; threaded=0; jobified=0
Direct3D:
    Version:  Direct3D 11.0 [level 11.1]
    Renderer: NVIDIA GeForce GTX 1650 with Max-Q Design (ID=0x1f91)
    Vendor:   NVIDIA
    VRAM:     3962 MB
    Driver:   30.0.15.1259
Initialize mono
Mono path[0] = 'C:/Program Files/Unity/Hub/Editor/2021.2.18f1/Editor/Data/Managed'
Mono path[1] = 'C:/Program Files/Unity/Hub/Editor/2021.2.18f1/Editor/Data/MonoBleedingEdge/lib/mono/unityjit-win32'
Mono config path = 'C:/Program Files/Unity/Hub/Editor/2021.2.18f1/Editor/Data/MonoBleedingEdge/etc'
Using monoOptions --debugger-agent=transport=dt_socket,embedding=1,server=y,suspend=n,address=127.0.0.1:56016
Begin MonoManager ReloadAssembly
Registering precompiled unity dll's ...
Register platform support module: C:/Program Files/Unity/Hub/Editor/2021.2.18f1/Editor/Data/PlaybackEngines/AndroidPlayer/UnityEditor.Android.Extensions.dll
Register platform support module: C:/Program Files/Unity/Hub/Editor/2021.2.18f1/Editor/Data/PlaybackEngines/WindowsStandaloneSupport/UnityEditor.WindowsStandalone.Extensions.dll
Registered in 0.012154 seconds.
Native extension for WindowsStandalone target not found
Native extension for Android target not found
Refreshing native plugins compatible for Editor in 162.54 ms, found 13 plugins.
Preloading 1 native plugins for Editor in 0.07 ms.
Mono: successfully reloaded assembly
- Completed reload, in  0.892 seconds
Domain Reload Profiling:
	ReloadAssembly (893ms)
		BeginReloadAssembly (122ms)
			ExecutionOrderSort (0ms)
			DisableScriptedObjects (0ms)
			BackupInstance (0ms)
			ReleaseScriptingObjects (0ms)
			CreateAndSetChildDomain (1ms)
		EndReloadAssembly (642ms)
			LoadAssemblies (120ms)
			RebuildTransferFunctionScriptingTraits (0ms)
			SetupTypeCache (117ms)
			ReleaseScriptCaches (0ms)
			RebuildScriptCaches (29ms)
			SetupLoadedEditorAssemblies (434ms)
				LogAssemblyErrors (0ms)
				InitializePlatformSupportModulesInManaged (94ms)
				SetLoadedEditorAssemblies (0ms)
				RefreshPlugins (163ms)
				BeforeProcessingInitializeOnLoad (2ms)
				ProcessInitializeOnLoadAttributes (96ms)
				ProcessInitializeOnLoadMethodAttributes (79ms)
				AfterProcessingInitializeOnLoad (0ms)
				EditorAssembliesLoaded (0ms)
			ExecutionOrderSort2 (0ms)
			AwakeInstancesAfterBackupRestoration (0ms)
Platform modules already initialized, skipping
Registering precompiled user dll's ...
Registered in 0.009314 seconds.
Begin MonoManager ReloadAssembly
Symbol file LoadedFromMemory doesn't match image D:\BH_Sotusei_NewGit6\New6_Sotugyouseisaku_10\Library\PackageCache\com.unity.visualscripting@1.7.6\Editor\VisualScripting.Core\Dependencies\DotNetZip\Unity.VisualScripting.IonicZip.dll
Symbol file LoadedFromMemory doesn't match image D:\BH_Sotusei_NewGit6\New6_Sotugyouseisaku_10\Library\PackageCache\com.unity.visualscripting@1.7.6\Editor\VisualScripting.Core\Dependencies\YamlDotNet\Unity.VisualScripting.YamlDotNet.dll
Native extension for WindowsStandalone target not found
Native extension for Android target not found
Refreshing native plugins compatible for Editor in 214.17 ms, found 13 plugins.
Preloading 1 native plugins for Editor in 0.06 ms.
Package Manager log level set to [2]
System.Reflection.TargetInvocationException: Exception has been thrown by the target of an invocation. ---> System.NullReferenceException: Object reference not set to an instance of an object
  at Unity.XR.Oculus.OculusLoader.AssetPathToAbsolutePath (System.String assetPath) [0x00041] in D:\BH_Sotusei_NewGit6\New6_Sotugyouseisaku_10\Library\PackageCache\com.unity.xr.oculus@3.0.2\Runtime\OculusLoader.cs:271 
  at Unity.XR.Oculus.OculusLoader.EditorLoadOVRPlugin () [0x000b0] in D:\BH_Sotusei_NewGit6\New6_Sotugyouseisaku_10\Library\PackageCache\com.unity.xr.oculus@3.0.2\Runtime\OculusLoader.cs:256 
  at (wrapper managed-to-native) System.Reflection.RuntimeMethodInfo.InternalInvoke(System.Reflection.RuntimeMethodInfo,object,object[],System.Exception&)
  at System.Reflection.RuntimeMethodInfo.Invoke (System.Object obj, System.Reflection.BindingFlags invokeAttr, System.Reflection.Binder binder, System.Object[] parameters, System.Globalization.CultureInfo culture) [0x0006a] in <6073cf49ed704e958b8a66d540dea948>:0 
   --- End of inner exception stack trace ---
  at System.Reflection.RuntimeMethodInfo.Invoke (System.Object obj, System.Reflection.BindingFlags invokeAttr, System.Reflection.Binder binder, System.Object[] parameters, System.Globalization.CultureInfo culture) [0x00083] in <6073cf49ed704e958b8a66d540dea948>:0 
  at System.Reflection.MethodBase.Invoke (System.Object obj, System.Object[] parameters) [0x00000] in <6073cf49ed704e958b8a66d540dea948>:0 
  at UnityEditor.EditorAssemblies.ProcessInitializeOnLoadMethodAttributes () [0x000a5] in <1f61d5eefcc74dff84f661b4a4dc8479>:0 
UnityEngine.StackTraceUtility:ExtractStackTrace ()
UnityEngine.DebugLogHandler:LogFormat (UnityEngine.LogType,UnityEngine.Object,string,object[])
UnityEngine.Logger:Log (UnityEngine.LogType,object)
UnityEngine.Debug:LogError (object)
UnityEditor.EditorAssemblies:ProcessInitializeOnLoadMethodAttributes ()

System.Reflection.TargetInvocationException: Exception has been thrown by the target of an invocation. ---> System.IO.IOException: Sharing violation on path D:\BH_Sotusei_NewGit6\New6_Sotugyouseisaku_10\Assets\VRM\lilToon\Editor\CurrentRP.txt
  at System.IO.FileStream..ctor (System.String path, System.IO.FileMode mode, System.IO.FileAccess access, System.IO.FileShare share, System.Int32 bufferSize, System.Boolean anonymous, System.IO.FileOptions options) [0x0019e] in <6073cf49ed704e958b8a66d540dea948>:0 
  at System.IO.FileStream..ctor (System.String path, System.IO.FileMode mode, System.IO.FileAccess access, System.IO.FileShare share, System.Int32 bufferSize, System.IO.FileOptions options) [0x00000] in <6073cf49ed704e958b8a66d540dea948>:0 
  at (wrapper remoting-invoke-with-check) System.IO.FileStream..ctor(string,System.IO.FileMode,System.IO.FileAccess,System.IO.FileShare,int,System.IO.FileOptions)
  at System.IO.StreamWriter..ctor (System.String path, System.Boolean append, System.Text.Encoding encoding, System.Int32 bufferSize) [0x00055] in <6073cf49ed704e958b8a66d540dea948>:0 
  at System.IO.StreamWriter..ctor (System.String path, System.Boolean append) [0x00008] in <6073cf49ed704e958b8a66d540dea948>:0 
  at (wrapper remoting-invoke-with-check) System.IO.StreamWriter..ctor(string,bool)
  at lilToon.lilStartup.lilStartupMethod () [0x000b0] in D:\BH_Sotusei_NewGit6\New6_Sotugyouseisaku_10\Assets\VRM\lilToon\Editor\lilStartup.cs:80 
  at (wrapper managed-to-native) System.Reflection.RuntimeMethodInfo.InternalInvoke(System.Reflection.RuntimeMethodInfo,object,object[],System.Exception&)
  at System.Reflection.RuntimeMethodInfo.Invoke (System.Object obj, System.Reflection.BindingFlags invokeAttr, System.Reflection.Binder binder, System.Object[] parameters, System.Globalization.CultureInfo culture) [0x0006a] in <6073cf49ed704e958b8a66d540dea948>:0 
   --- End of inner exception stack trace ---
  at System.Reflection.RuntimeMethodInfo.Invoke (System.Object obj, System.Reflection.BindingFlags invokeAttr, System.Reflection.Binder binder, System.Object[] parameters, System.Globalization.CultureInfo culture) [0x00083] in <6073cf49ed704e958b8a66d540dea948>:0 
  at System.Reflection.MethodBase.Invoke (System.Object obj, System.Object[] parameters) [0x00000] in <6073cf49ed704e958b8a66d540dea948>:0 
  at UnityEditor.EditorAssemblies.ProcessInitializeOnLoadMethodAttributes () [0x000a5] in <1f61d5eefcc74dff84f661b4a4dc8479>:0 
UnityEngine.StackTraceUtility:ExtractStackTrace ()
UnityEngine.DebugLogHandler:LogFormat (UnityEngine.LogType,UnityEngine.Object,string,object[])
UnityEngine.Logger:Log (UnityEngine.LogType,object)
UnityEngine.Debug:LogError (object)
UnityEditor.EditorAssemblies:ProcessInitializeOnLoadMethodAttributes ()

Mono: successfully reloaded assembly
- Completed reload, in  8.251 seconds
Domain Reload Profiling:
	ReloadAssembly (8252ms)
		BeginReloadAssembly (270ms)
			ExecutionOrderSort (0ms)
			DisableScriptedObjects (7ms)
			BackupInstance (0ms)
			ReleaseScriptingObjects (0ms)
			CreateAndSetChildDomain (139ms)
		EndReloadAssembly (7825ms)
			LoadAssemblies (3792ms)
			RebuildTransferFunctionScriptingTraits (0ms)
			SetupTypeCache (478ms)
			ReleaseScriptCaches (1ms)
			RebuildScriptCaches (124ms)
			SetupLoadedEditorAssemblies (3372ms)
				LogAssemblyErrors (0ms)
				InitializePlatformSupportModulesInManaged (20ms)
				SetLoadedEditorAssemblies (0ms)
				RefreshPlugins (214ms)
				BeforeProcessingInitializeOnLoad (300ms)
				ProcessInitializeOnLoadAttributes (1672ms)
				ProcessInitializeOnLoadMethodAttributes (1155ms)
				AfterProcessingInitializeOnLoad (11ms)
				EditorAssembliesLoaded (0ms)
			ExecutionOrderSort2 (0ms)
			AwakeInstancesAfterBackupRestoration (7ms)
Platform modules already initialized, skipping
========================================================================
Worker process is ready to serve import requests
Launched and connected shader compiler UnityShaderCompiler.exe after 0.06 seconds
Refreshing native plugins compatible for Editor in 2.15 ms, found 13 plugins.
Preloading 1 native plugins for Editor in 0.08 ms.
Unloading 7486 Unused Serialized files (Serialized files now loaded: 0)
Unloading 143 unused Assets / (13.1 MB). Loaded Objects now: 7877.
Memory consumption went from 331.4 MB to 318.3 MB.
Total: 12.198100 ms (FindLiveObjects: 0.629300 ms CreateObjectMapping: 0.584500 ms MarkObjects: 5.482900 ms  DeleteObjects: 5.499900 ms)

AssetImportParameters requested are different than current active one (requested -> active):
  custom:video-decoder-ogg-theora: a1e56fd34408186e4bbccfd4996cb3dc -> 
  custom:container-muxer-webm: aa71ff27fc2769a1b78a27578f13a17b -> 
  custom:container-demuxer-webm: 4f35f7cbe854078d1ac9338744f61a02 -> 
  custom:video-encoder-webm-vp8: eb34c28f22e8b96e1ab97ce403110664 -> 
  custom:audio-encoder-webm-vorbis: bf7c407c2cedff20999df2af8eb42d56 -> 
  custom:framework-win-MediaFoundation: 216162199b28c13a410421893ffa2e32 -> 
  custom:container-demuxer-ogg: 62fdf1f143b41e24485cea50d1cbac27 -> 
  custom:video-decoder-webm-vp8: 9c59270c3fd7afecdb556c50c9e8de78 -> 
  custom:audio-decoder-ogg-vorbis: bf7c407c2cedff20999df2af8eb42d56 -> 
========================================================================
Received Import Request.
  Time since last request: 2476.121183 seconds.
  path: Assets/M_Data/InputSystem
  artifactKey: Guid(1709b0c243ae8764ba4ab6bf41853aae) Importer(815301076,1909f56bfc062723c751e8b465ee728b)
Start importing Assets/M_Data/InputSystem using Guid(1709b0c243ae8764ba4ab6bf41853aae) Importer(815301076,1909f56bfc062723c751e8b465ee728b)  -> (artifact id: 'b0779162ef16838075237a8bc506448c') in 0.942272 seconds 
========================================================================
Received Import Request.
  Time since last request: 0.000028 seconds.
  path: Assets/M_Data
  artifactKey: Guid(032977c2b95cb3a41bc7c2164dcbbe44) Importer(815301076,1909f56bfc062723c751e8b465ee728b)
Start importing Assets/M_Data using Guid(032977c2b95cb3a41bc7c2164dcbbe44) Importer(815301076,1909f56bfc062723c751e8b465ee728b)  -> (artifact id: 'bccb5966ad4c5e01d7b0e6cadac79b18') in 0.006876 seconds 
========================================================================
Received Import Request.
  Time since last request: 0.000042 seconds.
  path: Assets/M_Data/Scenes
  artifactKey: Guid(95c51095c59ecbd4ca46a221a8fe1656) Importer(815301076,1909f56bfc062723c751e8b465ee728b)
Start importing Assets/M_Data/Scenes using Guid(95c51095c59ecbd4ca46a221a8fe1656) Importer(815301076,1909f56bfc062723c751e8b465ee728b)  -> (artifact id: '3210dc937f81e84692e4166bb632ef8b') in 0.120358 seconds 
========================================================================
Received Prepare
Registering precompiled user dll's ...
Registered in 0.008456 seconds.
Begin MonoManager ReloadAssembly
Symbol file LoadedFromMemory doesn't match image D:\BH_Sotusei_NewGit6\New6_Sotugyouseisaku_10\Library\PackageCache\com.unity.visualscripting@1.7.6\Editor\VisualScripting.Core\Dependencies\DotNetZip\Unity.VisualScripting.IonicZip.dll
Symbol file LoadedFromMemory doesn't match image D:\BH_Sotusei_NewGit6\New6_Sotugyouseisaku_10\Library\PackageCache\com.unity.visualscripting@1.7.6\Editor\VisualScripting.Core\Dependencies\YamlDotNet\Unity.VisualScripting.YamlDotNet.dll
Native extension for WindowsStandalone target not found
Native extension for Android target not found
Refreshing native plugins compatible for Editor in 2.25 ms, found 13 plugins.
Preloading 1 native plugins for Editor in 0.08 ms.
System.Reflection.TargetInvocationException: Exception has been thrown by the target of an invocation. ---> System.NullReferenceException: Object reference not set to an instance of an object
  at Unity.XR.Oculus.OculusLoader.AssetPathToAbsolutePath (System.String assetPath) [0x00041] in D:\BH_Sotusei_NewGit6\New6_Sotugyouseisaku_10\Library\PackageCache\com.unity.xr.oculus@3.0.2\Runtime\OculusLoader.cs:271 
  at Unity.XR.Oculus.OculusLoader.EditorLoadOVRPlugin () [0x000b0] in D:\BH_Sotusei_NewGit6\New6_Sotugyouseisaku_10\Library\PackageCache\com.unity.xr.oculus@3.0.2\Runtime\OculusLoader.cs:256 
  at (wrapper managed-to-native) System.Reflection.RuntimeMethodInfo.InternalInvoke(System.Reflection.RuntimeMethodInfo,object,object[],System.Exception&)
  at System.Reflection.RuntimeMethodInfo.Invoke (System.Object obj, System.Reflection.BindingFlags invokeAttr, System.Reflection.Binder binder, System.Object[] parameters, System.Globalization.CultureInfo culture) [0x0006a] in <6073cf49ed704e958b8a66d540dea948>:0 
   --- End of inner exception stack trace ---
  at System.Reflection.RuntimeMethodInfo.Invoke (System.Object obj, System.Reflection.BindingFlags invokeAttr, System.Reflection.Binder binder, System.Object[] parameters, System.Globalization.CultureInfo culture) [0x00083] in <6073cf49ed704e958b8a66d540dea948>:0 
  at System.Reflection.MethodBase.Invoke (System.Object obj, System.Object[] parameters) [0x00000] in <6073cf49ed704e958b8a66d540dea948>:0 
  at UnityEditor.EditorAssemblies.ProcessInitializeOnLoadMethodAttributes () [0x000a5] in <1f61d5eefcc74dff84f661b4a4dc8479>:0 
UnityEngine.StackTraceUtility:ExtractStackTrace ()
UnityEngine.DebugLogHandler:LogFormat (UnityEngine.LogType,UnityEngine.Object,string,object[])
UnityEngine.Logger:Log (UnityEngine.LogType,object)
UnityEngine.Debug:LogError (object)
UnityEditor.EditorAssemblies:ProcessInitializeOnLoadMethodAttributes ()

Mono: successfully reloaded assembly
- Completed reload, in  2.641 seconds
Domain Reload Profiling:
	ReloadAssembly (2642ms)
		BeginReloadAssembly (169ms)
			ExecutionOrderSort (0ms)
			DisableScriptedObjects (5ms)
			BackupInstance (0ms)
			ReleaseScriptingObjects (0ms)
			CreateAndSetChildDomain (52ms)
		EndReloadAssembly (2365ms)
			LoadAssemblies (127ms)
			RebuildTransferFunctionScriptingTraits (0ms)
			SetupTypeCache (461ms)
			ReleaseScriptCaches (3ms)
			RebuildScriptCaches (103ms)
			SetupLoadedEditorAssemblies (1539ms)
				LogAssemblyErrors (0ms)
				InitializePlatformSupportModulesInManaged (40ms)
				SetLoadedEditorAssemblies (1ms)
				RefreshPlugins (2ms)
				BeforeProcessingInitializeOnLoad (274ms)
				ProcessInitializeOnLoadAttributes (1014ms)
				ProcessInitializeOnLoadMethodAttributes (193ms)
				AfterProcessingInitializeOnLoad (13ms)
				EditorAssembliesLoaded (0ms)
			ExecutionOrderSort2 (0ms)
			AwakeInstancesAfterBackupRestoration (22ms)
Platform modules already initialized, skipping
Refreshing native plugins compatible for Editor in 9.13 ms, found 13 plugins.
Preloading 1 native plugins for Editor in 0.07 ms.
Unloading 7202 Unused Serialized files (Serialized files now loaded: 0)
Unloading 110 unused Assets / (13.2 MB). Loaded Objects now: 7893.
Memory consumption went from 345.4 MB to 332.2 MB.
Total: 11.825100 ms (FindLiveObjects: 0.674500 ms CreateObjectMapping: 0.558400 ms MarkObjects: 4.713200 ms  DeleteObjects: 5.877200 ms)

AssetImportParameters requested are different than current active one (requested -> active):
  custom:video-decoder-ogg-theora: a1e56fd34408186e4bbccfd4996cb3dc -> 
  custom:container-muxer-webm: aa71ff27fc2769a1b78a27578f13a17b -> 
  custom:container-demuxer-webm: 4f35f7cbe854078d1ac9338744f61a02 -> 
  custom:video-encoder-webm-vp8: eb34c28f22e8b96e1ab97ce403110664 -> 
  custom:audio-encoder-webm-vorbis: bf7c407c2cedff20999df2af8eb42d56 -> 
  custom:framework-win-MediaFoundation: 216162199b28c13a410421893ffa2e32 -> 
  custom:container-demuxer-ogg: 62fdf1f143b41e24485cea50d1cbac27 -> 
  custom:video-decoder-webm-vp8: 9c59270c3fd7afecdb556c50c9e8de78 -> 
  custom:audio-decoder-ogg-vorbis: bf7c407c2cedff20999df2af8eb42d56 -> 
========================================================================
Received Import Request.
  Time since last request: 417.195648 seconds.
  path: Assets/M_Data/Model/NPC/村人_女性A/村人_女性A.Textures/Thumbnail.png
  artifactKey: Guid(2753a666ba568fd44b4eda9c6e3da5b4) Importer(815301076,1909f56bfc062723c751e8b465ee728b)
Start importing Assets/M_Data/Model/NPC/村人_女性A/村人_女性A.Textures/Thumbnail.png using Guid(2753a666ba568fd44b4eda9c6e3da5b4) Importer(815301076,1909f56bfc062723c751e8b465ee728b)  -> (artifact id: '6875fbedfb3117b00412df1016917d62') in 0.235054 seconds 
========================================================================
Received Import Request.
  Time since last request: 454.096446 seconds.
  path: Assets/M_Data/Model/NPC/シエナ1.1/月城シエナ1.1.Textures/Thumbnail.png
  artifactKey: Guid(b684b04bda624764a9bff3108be2c867) Importer(815301076,1909f56bfc062723c751e8b465ee728b)
Start importing Assets/M_Data/Model/NPC/シエナ1.1/月城シエナ1.1.Textures/Thumbnail.png using Guid(b684b04bda624764a9bff3108be2c867) Importer(815301076,1909f56bfc062723c751e8b465ee728b)  -> (artifact id: '8a7284e52b6dcb495ea0643b8daa1ff4') in 0.201258 seconds 
========================================================================
Received Import Request.
  Time since last request: 23.975439 seconds.
  path: Assets/M_Data/Model/NPC/シエナ1.1/月城シエナ1.1.Textures/texture_8.png
  artifactKey: Guid(4ee93a6cad8da8c4c8decb458818fc6e) Importer(815301076,1909f56bfc062723c751e8b465ee728b)
Start importing Assets/M_Data/Model/NPC/シエナ1.1/月城シエナ1.1.Textures/texture_8.png using Guid(4ee93a6cad8da8c4c8decb458818fc6e) Importer(815301076,1909f56bfc062723c751e8b465ee728b)  -> (artifact id: 'd71706e076d83b21238df6495b060603') in 0.107107 seconds 
========================================================================
Received Import Request.
  Time since last request: 0.047581 seconds.
  path: Assets/M_Data/Model/NPC/シエナ1.1/月城シエナ1.1.Textures/texture_9.normal.png
  artifactKey: Guid(a2b67ddb34686b24eb42d9113c6290c0) Importer(815301076,1909f56bfc062723c751e8b465ee728b)
Start importing Assets/M_Data/Model/NPC/シエナ1.1/月城シエナ1.1.Textures/texture_9.normal.png using Guid(a2b67ddb34686b24eb42d9113c6290c0) Importer(815301076,1909f56bfc062723c751e8b465ee728b)  -> (artifact id: '63f98c7605ea8c9d78988884e783f781') in 0.078972 seconds 
========================================================================
Received Import Request.
  Time since last request: 0.000027 seconds.
  path: Assets/M_Data/Model/NPC/シエナ1.1/月城シエナ1.1.Textures/texture_11.png
  artifactKey: Guid(d6662a53e2d265d4cac930770aad57e0) Importer(815301076,1909f56bfc062723c751e8b465ee728b)
Start importing Assets/M_Data/Model/NPC/シエナ1.1/月城シエナ1.1.Textures/texture_11.png using Guid(d6662a53e2d265d4cac930770aad57e0) Importer(815301076,1909f56bfc062723c751e8b465ee728b)  -> (artifact id: 'c60426a5f7676acae28b68894469c600') in 0.093575 seconds 
========================================================================
Received Import Request.
  Time since last request: 32.091388 seconds.
  path: Assets/M_Data/Model/NPC/村人_女性E/村人_女性E.Textures/Thumbnail.png
  artifactKey: Guid(6d7c587c4d512134ab4d9c86c0508dad) Importer(815301076,1909f56bfc062723c751e8b465ee728b)
Start importing Assets/M_Data/Model/NPC/村人_女性E/村人_女性E.Textures/Thumbnail.png using Guid(6d7c587c4d512134ab4d9c86c0508dad) Importer(815301076,1909f56bfc062723c751e8b465ee728b)  -> (artifact id: '564979eec3726f4796d81bdf06845d4e') in 0.045711 seconds 
========================================================================
Received Import Request.
  Time since last request: 17.457833 seconds.
  path: Assets/M_Data/Model/NPC/村人_女性E/村人_女性E.Textures/Shader_NoneNormal.normal.png
  artifactKey: Guid(cc715915ec5de0b42817dfad56bfa065) Importer(815301076,1909f56bfc062723c751e8b465ee728b)
Start importing Assets/M_Data/Model/NPC/村人_女性E/村人_女性E.Textures/Shader_NoneNormal.normal.png using Guid(cc715915ec5de0b42817dfad56bfa065) Importer(815301076,1909f56bfc062723c751e8b465ee728b)  -> (artifact id: '7b0f75f00179bfc8af9ddb67e464a0f1') in 0.080019 seconds 
========================================================================
Received Import Request.
  Time since last request: 0.000023 seconds.
  path: Assets/M_Data/Model/NPC/村人_女性E/村人_女性E.Textures/MatcapWarp_01.png
  artifactKey: Guid(0f805cb18b54c5e419329c6fe5ae7ea6) Importer(815301076,1909f56bfc062723c751e8b465ee728b)
Start importing Assets/M_Data/Model/NPC/村人_女性E/村人_女性E.Textures/MatcapWarp_01.png using Guid(0f805cb18b54c5e419329c6fe5ae7ea6) Importer(815301076,1909f56bfc062723c751e8b465ee728b)  -> (artifact id: '97eb704ef3f198d471c1dc4f529c6f56') in 0.159030 seconds 
========================================================================
Received Import Request.
  Time since last request: 123.928788 seconds.
  path: Assets/M_Data/Model/NPC/村人_女性子供C/村人_女性子供C.Textures/Thumbnail.png
  artifactKey: Guid(b9de9d055f4d9db4eaabc34ca2b11de6) Importer(815301076,1909f56bfc062723c751e8b465ee728b)
Start importing Assets/M_Data/Model/NPC/村人_女性子供C/村人_女性子供C.Textures/Thumbnail.png using Guid(b9de9d055f4d9db4eaabc34ca2b11de6) Importer(815301076,1909f56bfc062723c751e8b465ee728b)  -> (artifact id: '7afa94738b7e29924e22bd60f49cde70') in 0.010842 seconds 
========================================================================
Received Import Request.
  Time since last request: 75.352108 seconds.
  path: Assets/M_Data/Model/NPC/村人_女性子供D/村人_女性子供D.Textures/Thumbnail.png
  artifactKey: Guid(85bf17b756ec85546906766fb878574a) Importer(815301076,1909f56bfc062723c751e8b465ee728b)
Start importing Assets/M_Data/Model/NPC/村人_女性子供D/村人_女性子供D.Textures/Thumbnail.png using Guid(85bf17b756ec85546906766fb878574a) Importer(815301076,1909f56bfc062723c751e8b465ee728b)  -> (artifact id: '99fbb02cc697c73f3352c9af8c631e1d') in 1.042085 seconds 
========================================================================
Received Import Request.
  Time since last request: 55.213959 seconds.
  path: Assets/M_Data/Model/NPC/村人_男性A/村人_男性A.Textures/Thumbnail.png
  artifactKey: Guid(3e3d98c489396a0438cc47d92f841479) Importer(815301076,1909f56bfc062723c751e8b465ee728b)
Start importing Assets/M_Data/Model/NPC/村人_男性A/村人_男性A.Textures/Thumbnail.png using Guid(3e3d98c489396a0438cc47d92f841479) Importer(815301076,1909f56bfc062723c751e8b465ee728b)  -> (artifact id: '5caa03742dc310b14416d00f8dc4c803') in 0.774461 seconds 
========================================================================
Received Import Request.
  Time since last request: 29.878955 seconds.
  path: Assets/M_Data/Model/NPC/村人_男性A/村人_男性A.Textures/Shader_NoneNormal.normal.png
  artifactKey: Guid(531eac2cdc9246547985e2faa83d7c76) Importer(815301076,1909f56bfc062723c751e8b465ee728b)
Start importing Assets/M_Data/Model/NPC/村人_男性A/村人_男性A.Textures/Shader_NoneNormal.normal.png using Guid(531eac2cdc9246547985e2faa83d7c76) Importer(815301076,1909f56bfc062723c751e8b465ee728b)  -> (artifact id: 'd1d296ff26f17b24e89423df18f9f52d') in 0.197431 seconds 
========================================================================
Received Import Request.
  Time since last request: 0.000028 seconds.
  path: Assets/M_Data/Model/NPC/村人_男性A/村人_男性A.Textures/MatcapWarp_01.png
  artifactKey: Guid(29d57d7d707ad4f4abda2dc26be425fa) Importer(815301076,1909f56bfc062723c751e8b465ee728b)
Start importing Assets/M_Data/Model/NPC/村人_男性A/村人_男性A.Textures/MatcapWarp_01.png using Guid(29d57d7d707ad4f4abda2dc26be425fa) Importer(815301076,1909f56bfc062723c751e8b465ee728b)  -> (artifact id: '04bf39693bcb6e6a249e8640ab9e14a5') in 0.011911 seconds 
========================================================================
Received Import Request.
  Time since last request: 0.000027 seconds.
  path: Assets/M_Data/Model/NPC/村人_男性A/村人_男性A.Textures/Shader_NoneBlack.png
  artifactKey: Guid(45094a2711d3fc049b015eb8a2705695) Importer(815301076,1909f56bfc062723c751e8b465ee728b)
Start importing Assets/M_Data/Model/NPC/村人_男性A/村人_男性A.Textures/Shader_NoneBlack.png using Guid(45094a2711d3fc049b015eb8a2705695) Importer(815301076,1909f56bfc062723c751e8b465ee728b)  -> (artifact id: '2a9b275382f9da89261b51d442f2429e') in 0.010777 seconds 
========================================================================
Received Import Request.
  Time since last request: 15.126619 seconds.
  path: Assets/M_Data/Model/NPC/村人_男性A/村人_男性A.Textures/N00_000_Hair_00_nml.normal.png
  artifactKey: Guid(8afaaf3af375a3246823e17487292f95) Importer(815301076,1909f56bfc062723c751e8b465ee728b)
Start importing Assets/M_Data/Model/NPC/村人_男性A/村人_男性A.Textures/N00_000_Hair_00_nml.normal.png using Guid(8afaaf3af375a3246823e17487292f95) Importer(815301076,1909f56bfc062723c751e8b465ee728b)  -> (artifact id: 'a3054a1b88ea18e5dd6e5055673fcf73') in 0.438688 seconds 
========================================================================
Received Import Request.
  Time since last request: 0.000022 seconds.
  path: Assets/M_Data/Model/NPC/村人_男性A/村人_男性A.Textures/MatcapWarp_02.png
  artifactKey: Guid(d19c5347da520b14b832ea26acdb960f) Importer(815301076,1909f56bfc062723c751e8b465ee728b)
Start importing Assets/M_Data/Model/NPC/村人_男性A/村人_男性A.Textures/MatcapWarp_02.png using Guid(d19c5347da520b14b832ea26acdb960f) Importer(815301076,1909f56bfc062723c751e8b465ee728b)  -> (artifact id: '480abbedf19434aca7ce87a5ddf5ce50') in 0.016888 seconds 
========================================================================
Received Import Request.
  Time since last request: 95.610624 seconds.
  path: Assets/M_Data/Model/NPC/村人_男性E/村人_男性E.Textures/Thumbnail.png
  artifactKey: Guid(466f3c5405f646d488b305148ae20fd6) Importer(815301076,1909f56bfc062723c751e8b465ee728b)
Start importing Assets/M_Data/Model/NPC/村人_男性E/村人_男性E.Textures/Thumbnail.png using Guid(466f3c5405f646d488b305148ae20fd6) Importer(815301076,1909f56bfc062723c751e8b465ee728b)  -> (artifact id: 'f19083cff2eeb098e1eb2de97aca7436') in 0.875739 seconds 
========================================================================
Received Import Request.
  Time since last request: 33.249934 seconds.
  path: Assets/M_Data/Model/NPC/村人_男性E/村人_男性E.Textures/_11.normal.png
  artifactKey: Guid(4186d7fb9bc087a4ca6f58fb825023b9) Importer(815301076,1909f56bfc062723c751e8b465ee728b)
Start importing Assets/M_Data/Model/NPC/村人_男性E/村人_男性E.Textures/_11.normal.png using Guid(4186d7fb9bc087a4ca6f58fb825023b9) Importer(815301076,1909f56bfc062723c751e8b465ee728b)  -> (artifact id: 'b0cc88be132bd621f721ee6b2b825dc3') in 0.207398 seconds 
========================================================================
Received Import Request.
  Time since last request: 0.000029 seconds.
  path: Assets/M_Data/Model/NPC/村人_男性E/村人_男性E.Textures/Shader_NoneBlack.png
  artifactKey: Guid(b19877d7e855ebf40bae2cc453518215) Importer(815301076,1909f56bfc062723c751e8b465ee728b)
Start importing Assets/M_Data/Model/NPC/村人_男性E/村人_男性E.Textures/Shader_NoneBlack.png using Guid(b19877d7e855ebf40bae2cc453518215) Importer(815301076,1909f56bfc062723c751e8b465ee728b)  -> (artifact id: '6ca120991723646d7d8b85e06c395964') in 0.008281 seconds 
========================================================================
Received Import Request.
  Time since last request: 19.573659 seconds.
  path: Assets/M_Data/Model/NPC/村人_男性子供B/村人_男性子供B.Textures/Thumbnail.png
  artifactKey: Guid(e88def98e12f34044b9b42d7b3a88ff3) Importer(815301076,1909f56bfc062723c751e8b465ee728b)
Start importing Assets/M_Data/Model/NPC/村人_男性子供B/村人_男性子供B.Textures/Thumbnail.png using Guid(e88def98e12f34044b9b42d7b3a88ff3) Importer(815301076,1909f56bfc062723c751e8b465ee728b)  -> (artifact id: '6f3c8266623a2e1fbf268439184bcd5b') in 0.561944 seconds 
========================================================================
Received Import Request.
  Time since last request: 39.971136 seconds.
  path: Assets/M_Data/Model/NPC/村人_男性子供C/村人_男性子供C.Textures/Thumbnail.png
  artifactKey: Guid(002c956a7aaea2f4ea143f2ab7d42edd) Importer(815301076,1909f56bfc062723c751e8b465ee728b)
Start importing Assets/M_Data/Model/NPC/村人_男性子供C/村人_男性子供C.Textures/Thumbnail.png using Guid(002c956a7aaea2f4ea143f2ab7d42edd) Importer(815301076,1909f56bfc062723c751e8b465ee728b)  -> (artifact id: 'd4f4334be8eb33722fc39fe6073fd848') in 0.612499 seconds 
========================================================================
Received Import Request.
  Time since last request: 17.794456 seconds.
  path: Assets/M_Data/Model/NPC/村人_男性子供C/村人_男性子供C.Textures/Shader_NoneNormal.normal.png
  artifactKey: Guid(6bb24d073e8f7e040a9c9a5cfa9499b9) Importer(815301076,1909f56bfc062723c751e8b465ee728b)
Start importing Assets/M_Data/Model/NPC/村人_男性子供C/村人_男性子供C.Textures/Shader_NoneNormal.normal.png using Guid(6bb24d073e8f7e040a9c9a5cfa9499b9) Importer(815301076,1909f56bfc062723c751e8b465ee728b)  -> (artifact id: 'ebf79f8d7f388ea0275a01f803ab6fa1') in 0.012957 seconds 
========================================================================
Received Import Request.
  Time since last request: 0.000030 seconds.
  path: Assets/M_Data/Model/NPC/村人_男性子供C/村人_男性子供C.Textures/Shader_NoneBlack.png
  artifactKey: Guid(7b6a413d414614a449c9776d2fbd6ca3) Importer(815301076,1909f56bfc062723c751e8b465ee728b)
Start importing Assets/M_Data/Model/NPC/村人_男性子供C/村人_男性子供C.Textures/Shader_NoneBlack.png using Guid(7b6a413d414614a449c9776d2fbd6ca3) Importer(815301076,1909f56bfc062723c751e8b465ee728b)  -> (artifact id: '8f52e481e2e627856337cf52289c9cfd') in 0.054142 seconds 
========================================================================
Received Import Request.
  Time since last request: 18.399032 seconds.
  path: Assets/M_Data/Model/NPC/村人_男性子供C/村人_男性子供C.Textures/MatcapWarp_01.png
  artifactKey: Guid(b602c39a23347884f92faa957874f957) Importer(815301076,1909f56bfc062723c751e8b465ee728b)
Start importing Assets/M_Data/Model/NPC/村人_男性子供C/村人_男性子供C.Textures/MatcapWarp_01.png using Guid(b602c39a23347884f92faa957874f957) Importer(815301076,1909f56bfc062723c751e8b465ee728b)  -> (artifact id: '94e00ab2e8ace340b9d3cc1b61b479d6') in 0.010109 seconds 
========================================================================
Received Import Request.
  Time since last request: 102.046847 seconds.
  path: Assets/M_Data/Model/NPC/村人_女性A/村人_女性A.Textures/_11.normal.png
  artifactKey: Guid(2b60c812c60f70c429a94a22cb0a8529) Importer(815301076,1909f56bfc062723c751e8b465ee728b)
Start importing Assets/M_Data/Model/NPC/村人_女性A/村人_女性A.Textures/_11.normal.png using Guid(2b60c812c60f70c429a94a22cb0a8529) Importer(815301076,1909f56bfc062723c751e8b465ee728b)  -> (artifact id: '8a988091bdf85513b2f1b8fbe7297467') in 0.363703 seconds 
========================================================================
Received Import Request.
  Time since last request: 0.000035 seconds.
  path: Assets/M_Data/Model/NPC/シエナ1.1/月城シエナ1.1.Textures/Shader_NoneBlack.png
  artifactKey: Guid(33feb1dfa48b94040991fc81dc611e09) Importer(815301076,1909f56bfc062723c751e8b465ee728b)
Start importing Assets/M_Data/Model/NPC/シエナ1.1/月城シエナ1.1.Textures/Shader_NoneBlack.png using Guid(33feb1dfa48b94040991fc81dc611e09) Importer(815301076,1909f56bfc062723c751e8b465ee728b)  -> (artifact id: '60864089d71d19e6bdac759e605a70fb') in 0.011215 seconds 
========================================================================
Received Import Request.
  Time since last request: 52.340046 seconds.
  path: Assets/M_Data/Model/NPC/村人_女性A/村人_女性A.Textures/Shader_NoneNormal.normal.png
  artifactKey: Guid(dc8ee3b3f4023db48ab361b3aea98162) Importer(815301076,1909f56bfc062723c751e8b465ee728b)
Start importing Assets/M_Data/Model/NPC/村人_女性A/村人_女性A.Textures/Shader_NoneNormal.normal.png using Guid(dc8ee3b3f4023db48ab361b3aea98162) Importer(815301076,1909f56bfc062723c751e8b465ee728b)  -> (artifact id: '32a67eab56ba70fb733a46fc54d82699') in 0.014482 seconds 
========================================================================
Received Import Request.
  Time since last request: 143.954440 seconds.
  path: Assets/M_Data/Model/NPC/村人_女性A/村人_女性A.Textures/N00_000_Hair_00_nml.normal.png
  artifactKey: Guid(9132fcbe17d887a41bd06468e897cfb6) Importer(815301076,1909f56bfc062723c751e8b465ee728b)
Start importing Assets/M_Data/Model/NPC/村人_女性A/村人_女性A.Textures/N00_000_Hair_00_nml.normal.png using Guid(9132fcbe17d887a41bd06468e897cfb6) Importer(815301076,1909f56bfc062723c751e8b465ee728b)  -> (artifact id: 'acdc23c090e6f828480bca70f3fbe670') in 0.021059 seconds 
========================================================================
Received Prepare
Registering precompiled user dll's ...
Registered in 0.017054 seconds.
Begin MonoManager ReloadAssembly
Symbol file LoadedFromMemory doesn't match image D:\BH_Sotusei_NewGit6\New6_Sotugyouseisaku_10\Library\PackageCache\com.unity.visualscripting@1.7.6\Editor\VisualScripting.Core\Dependencies\DotNetZip\Unity.VisualScripting.IonicZip.dll
Symbol file LoadedFromMemory doesn't match image D:\BH_Sotusei_NewGit6\New6_Sotugyouseisaku_10\Library\PackageCache\com.unity.visualscripting@1.7.6\Editor\VisualScripting.Core\Dependencies\YamlDotNet\Unity.VisualScripting.YamlDotNet.dll
Native extension for WindowsStandalone target not found
Native extension for Android target not found
Refreshing native plugins compatible for Editor in 2.40 ms, found 13 plugins.
Preloading 1 native plugins for Editor in 0.09 ms.
System.Reflection.TargetInvocationException: Exception has been thrown by the target of an invocation. ---> System.NullReferenceException: Object reference not set to an instance of an object
  at Unity.XR.Oculus.OculusLoader.AssetPathToAbsolutePath (System.String assetPath) [0x00041] in D:\BH_Sotusei_NewGit6\New6_Sotugyouseisaku_10\Library\PackageCache\com.unity.xr.oculus@3.0.2\Runtime\OculusLoader.cs:271 
  at Unity.XR.Oculus.OculusLoader.EditorLoadOVRPlugin () [0x000b0] in D:\BH_Sotusei_NewGit6\New6_Sotugyouseisaku_10\Library\PackageCache\com.unity.xr.oculus@3.0.2\Runtime\OculusLoader.cs:256 
  at (wrapper managed-to-native) System.Reflection.RuntimeMethodInfo.InternalInvoke(System.Reflection.RuntimeMethodInfo,object,object[],System.Exception&)
  at System.Reflection.RuntimeMethodInfo.Invoke (System.Object obj, System.Reflection.BindingFlags invokeAttr, System.Reflection.Binder binder, System.Object[] parameters, System.Globalization.CultureInfo culture) [0x0006a] in <6073cf49ed704e958b8a66d540dea948>:0 
   --- End of inner exception stack trace ---
  at System.Reflection.RuntimeMethodInfo.Invoke (System.Object obj, System.Reflection.BindingFlags invokeAttr, System.Reflection.Binder binder, System.Object[] parameters, System.Globalization.CultureInfo culture) [0x00083] in <6073cf49ed704e958b8a66d540dea948>:0 
  at System.Reflection.MethodBase.Invoke (System.Object obj, System.Object[] parameters) [0x00000] in <6073cf49ed704e958b8a66d540dea948>:0 
  at UnityEditor.EditorAssemblies.ProcessInitializeOnLoadMethodAttributes () [0x000a5] in <1f61d5eefcc74dff84f661b4a4dc8479>:0 
UnityEngine.StackTraceUtility:ExtractStackTrace ()
UnityEngine.DebugLogHandler:LogFormat (UnityEngine.LogType,UnityEngine.Object,string,object[])
UnityEngine.Logger:Log (UnityEngine.LogType,object)
UnityEngine.Debug:LogError (object)
UnityEditor.EditorAssemblies:ProcessInitializeOnLoadMethodAttributes ()

Mono: successfully reloaded assembly
- Completed reload, in  4.063 seconds
Domain Reload Profiling:
	ReloadAssembly (4064ms)
		BeginReloadAssembly (305ms)
			ExecutionOrderSort (0ms)
			DisableScriptedObjects (11ms)
			BackupInstance (0ms)
			ReleaseScriptingObjects (0ms)
			CreateAndSetChildDomain (105ms)
		EndReloadAssembly (3562ms)
			LoadAssemblies (202ms)
			RebuildTransferFunctionScriptingTraits (0ms)
			SetupTypeCache (657ms)
			ReleaseScriptCaches (6ms)
			RebuildScriptCaches (121ms)
			SetupLoadedEditorAssemblies (2067ms)
				LogAssemblyErrors (0ms)
				InitializePlatformSupportModulesInManaged (49ms)
				SetLoadedEditorAssemblies (1ms)
				RefreshPlugins (3ms)
				BeforeProcessingInitializeOnLoad (303ms)
				ProcessInitializeOnLoadAttributes (1437ms)
				ProcessInitializeOnLoadMethodAttributes (258ms)
				AfterProcessingInitializeOnLoad (17ms)
				EditorAssembliesLoaded (0ms)
			ExecutionOrderSort2 (0ms)
			AwakeInstancesAfterBackupRestoration (33ms)
Platform modules already initialized, skipping
Refreshing native plugins compatible for Editor in 8.55 ms, found 13 plugins.
Preloading 1 native plugins for Editor in 0.06 ms.
Unloading 7202 Unused Serialized files (Serialized files now loaded: 0)
Unloading 110 unused Assets / (13.1 MB). Loaded Objects now: 7916.
Memory consumption went from 349.4 MB to 336.3 MB.
Total: 18.440600 ms (FindLiveObjects: 0.765800 ms CreateObjectMapping: 0.658700 ms MarkObjects: 10.034700 ms  DeleteObjects: 6.980100 ms)

AssetImportParameters requested are different than current active one (requested -> active):
  custom:video-decoder-ogg-theora: a1e56fd34408186e4bbccfd4996cb3dc -> 
  custom:container-muxer-webm: aa71ff27fc2769a1b78a27578f13a17b -> 
  custom:container-demuxer-webm: 4f35f7cbe854078d1ac9338744f61a02 -> 
  custom:video-encoder-webm-vp8: eb34c28f22e8b96e1ab97ce403110664 -> 
  custom:audio-encoder-webm-vorbis: bf7c407c2cedff20999df2af8eb42d56 -> 
  custom:framework-win-MediaFoundation: 216162199b28c13a410421893ffa2e32 -> 
  custom:container-demuxer-ogg: 62fdf1f143b41e24485cea50d1cbac27 -> 
  custom:video-decoder-webm-vp8: 9c59270c3fd7afecdb556c50c9e8de78 -> 
  custom:audio-decoder-ogg-vorbis: bf7c407c2cedff20999df2af8eb42d56 -> 
========================================================================
Received Prepare
Registering precompiled user dll's ...
Registered in 0.014304 seconds.
Begin MonoManager ReloadAssembly
Symbol file LoadedFromMemory doesn't match image D:\BH_Sotusei_NewGit6\New6_Sotugyouseisaku_10\Library\PackageCache\com.unity.visualscripting@1.7.6\Editor\VisualScripting.Core\Dependencies\DotNetZip\Unity.VisualScripting.IonicZip.dll
Symbol file LoadedFromMemory doesn't match image D:\BH_Sotusei_NewGit6\New6_Sotugyouseisaku_10\Library\PackageCache\com.unity.visualscripting@1.7.6\Editor\VisualScripting.Core\Dependencies\YamlDotNet\Unity.VisualScripting.YamlDotNet.dll
Native extension for WindowsStandalone target not found
Native extension for Android target not found
Refreshing native plugins compatible for Editor in 2.75 ms, found 13 plugins.
Preloading 1 native plugins for Editor in 0.12 ms.
System.Reflection.TargetInvocationException: Exception has been thrown by the target of an invocation. ---> System.NullReferenceException: Object reference not set to an instance of an object
  at Unity.XR.Oculus.OculusLoader.AssetPathToAbsolutePath (System.String assetPath) [0x00041] in D:\BH_Sotusei_NewGit6\New6_Sotugyouseisaku_10\Library\PackageCache\com.unity.xr.oculus@3.0.2\Runtime\OculusLoader.cs:271 
  at Unity.XR.Oculus.OculusLoader.EditorLoadOVRPlugin () [0x000b0] in D:\BH_Sotusei_NewGit6\New6_Sotugyouseisaku_10\Library\PackageCache\com.unity.xr.oculus@3.0.2\Runtime\OculusLoader.cs:256 
  at (wrapper managed-to-native) System.Reflection.RuntimeMethodInfo.InternalInvoke(System.Reflection.RuntimeMethodInfo,object,object[],System.Exception&)
  at System.Reflection.RuntimeMethodInfo.Invoke (System.Object obj, System.Reflection.BindingFlags invokeAttr, System.Reflection.Binder binder, System.Object[] parameters, System.Globalization.CultureInfo culture) [0x0006a] in <6073cf49ed704e958b8a66d540dea948>:0 
   --- End of inner exception stack trace ---
  at System.Reflection.RuntimeMethodInfo.Invoke (System.Object obj, System.Reflection.BindingFlags invokeAttr, System.Reflection.Binder binder, System.Object[] parameters, System.Globalization.CultureInfo culture) [0x00083] in <6073cf49ed704e958b8a66d540dea948>:0 
  at System.Reflection.MethodBase.Invoke (System.Object obj, System.Object[] parameters) [0x00000] in <6073cf49ed704e958b8a66d540dea948>:0 
  at UnityEditor.EditorAssemblies.ProcessInitializeOnLoadMethodAttributes () [0x000a5] in <1f61d5eefcc74dff84f661b4a4dc8479>:0 
UnityEngine.StackTraceUtility:ExtractStackTrace ()
UnityEngine.DebugLogHandler:LogFormat (UnityEngine.LogType,UnityEngine.Object,string,object[])
UnityEngine.Logger:Log (UnityEngine.LogType,object)
UnityEngine.Debug:LogError (object)
UnityEditor.EditorAssemblies:ProcessInitializeOnLoadMethodAttributes ()

Mono: successfully reloaded assembly
- Completed reload, in  4.074 seconds
Domain Reload Profiling:
	ReloadAssembly (4076ms)
		BeginReloadAssembly (362ms)
			ExecutionOrderSort (0ms)
			DisableScriptedObjects (13ms)
			BackupInstance (0ms)
			ReleaseScriptingObjects (0ms)
			CreateAndSetChildDomain (116ms)
		EndReloadAssembly (3468ms)
			LoadAssemblies (268ms)
			RebuildTransferFunctionScriptingTraits (0ms)
			SetupTypeCache (753ms)
			ReleaseScriptCaches (7ms)
			RebuildScriptCaches (143ms)
			SetupLoadedEditorAssemblies (2177ms)
				LogAssemblyErrors (0ms)
				InitializePlatformSupportModulesInManaged (44ms)
				SetLoadedEditorAssemblies (3ms)
				RefreshPlugins (3ms)
				BeforeProcessingInitializeOnLoad (392ms)
				ProcessInitializeOnLoadAttributes (1415ms)
				ProcessInitializeOnLoadMethodAttributes (302ms)
				AfterProcessingInitializeOnLoad (17ms)
				EditorAssembliesLoaded (2ms)
			ExecutionOrderSort2 (0ms)
			AwakeInstancesAfterBackupRestoration (50ms)
Platform modules already initialized, skipping
Refreshing native plugins compatible for Editor in 18.09 ms, found 13 plugins.
Preloading 1 native plugins for Editor in 0.31 ms.
Unloading 7202 Unused Serialized files (Serialized files now loaded: 0)
Unloading 110 unused Assets / (13.1 MB). Loaded Objects now: 7932.
Memory consumption went from 349.5 MB to 336.4 MB.
Total: 13.768100 ms (FindLiveObjects: 0.682300 ms CreateObjectMapping: 0.583900 ms MarkObjects: 4.424200 ms  DeleteObjects: 8.076600 ms)

AssetImportParameters requested are different than current active one (requested -> active):
  custom:video-decoder-ogg-theora: a1e56fd34408186e4bbccfd4996cb3dc -> 
  custom:container-muxer-webm: aa71ff27fc2769a1b78a27578f13a17b -> 
  custom:container-demuxer-webm: 4f35f7cbe854078d1ac9338744f61a02 -> 
  custom:video-encoder-webm-vp8: eb34c28f22e8b96e1ab97ce403110664 -> 
  custom:audio-encoder-webm-vorbis: bf7c407c2cedff20999df2af8eb42d56 -> 
  custom:framework-win-MediaFoundation: 216162199b28c13a410421893ffa2e32 -> 
  custom:container-demuxer-ogg: 62fdf1f143b41e24485cea50d1cbac27 -> 
  custom:video-decoder-webm-vp8: 9c59270c3fd7afecdb556c50c9e8de78 -> 
  custom:audio-decoder-ogg-vorbis: bf7c407c2cedff20999df2af8eb42d56 -> 
========================================================================
Received Prepare
Registering precompiled user dll's ...
Registered in 0.016170 seconds.
Begin MonoManager ReloadAssembly
Symbol file LoadedFromMemory doesn't match image D:\BH_Sotusei_NewGit6\New6_Sotugyouseisaku_10\Library\PackageCache\com.unity.visualscripting@1.7.6\Editor\VisualScripting.Core\Dependencies\DotNetZip\Unity.VisualScripting.IonicZip.dll
Symbol file LoadedFromMemory doesn't match image D:\BH_Sotusei_NewGit6\New6_Sotugyouseisaku_10\Library\PackageCache\com.unity.visualscripting@1.7.6\Editor\VisualScripting.Core\Dependencies\YamlDotNet\Unity.VisualScripting.YamlDotNet.dll
Native extension for WindowsStandalone target not found
Native extension for Android target not found
Refreshing native plugins compatible for Editor in 2.47 ms, found 13 plugins.
Preloading 1 native plugins for Editor in 2.77 ms.
System.Reflection.TargetInvocationException: Exception has been thrown by the target of an invocation. ---> System.NullReferenceException: Object reference not set to an instance of an object
  at Unity.XR.Oculus.OculusLoader.AssetPathToAbsolutePath (System.String assetPath) [0x00041] in D:\BH_Sotusei_NewGit6\New6_Sotugyouseisaku_10\Library\PackageCache\com.unity.xr.oculus@3.0.2\Runtime\OculusLoader.cs:271 
  at Unity.XR.Oculus.OculusLoader.EditorLoadOVRPlugin () [0x000b0] in D:\BH_Sotusei_NewGit6\New6_Sotugyouseisaku_10\Library\PackageCache\com.unity.xr.oculus@3.0.2\Runtime\OculusLoader.cs:256 
  at (wrapper managed-to-native) System.Reflection.RuntimeMethodInfo.InternalInvoke(System.Reflection.RuntimeMethodInfo,object,object[],System.Exception&)
  at System.Reflection.RuntimeMethodInfo.Invoke (System.Object obj, System.Reflection.BindingFlags invokeAttr, System.Reflection.Binder binder, System.Object[] parameters, System.Globalization.CultureInfo culture) [0x0006a] in <6073cf49ed704e958b8a66d540dea948>:0 
   --- End of inner exception stack trace ---
  at System.Reflection.RuntimeMethodInfo.Invoke (System.Object obj, System.Reflection.BindingFlags invokeAttr, System.Reflection.Binder binder, System.Object[] parameters, System.Globalization.CultureInfo culture) [0x00083] in <6073cf49ed704e958b8a66d540dea948>:0 
  at System.Reflection.MethodBase.Invoke (System.Object obj, System.Object[] parameters) [0x00000] in <6073cf49ed704e958b8a66d540dea948>:0 
  at UnityEditor.EditorAssemblies.ProcessInitializeOnLoadMethodAttributes () [0x000a5] in <1f61d5eefcc74dff84f661b4a4dc8479>:0 
UnityEngine.StackTraceUtility:ExtractStackTrace ()
UnityEngine.DebugLogHandler:LogFormat (UnityEngine.LogType,UnityEngine.Object,string,object[])
UnityEngine.Logger:Log (UnityEngine.LogType,object)
UnityEngine.Debug:LogError (object)
UnityEditor.EditorAssemblies:ProcessInitializeOnLoadMethodAttributes ()

Mono: successfully reloaded assembly
- Completed reload, in  3.503 seconds
Domain Reload Profiling:
	ReloadAssembly (3504ms)
		BeginReloadAssembly (303ms)
			ExecutionOrderSort (0ms)
			DisableScriptedObjects (7ms)
			BackupInstance (0ms)
			ReleaseScriptingObjects (0ms)
			CreateAndSetChildDomain (93ms)
		EndReloadAssembly (2952ms)
			LoadAssemblies (213ms)
			RebuildTransferFunctionScriptingTraits (0ms)
			SetupTypeCache (647ms)
			ReleaseScriptCaches (3ms)
			RebuildScriptCaches (119ms)
			SetupLoadedEditorAssemblies (1803ms)
				LogAssemblyErrors (0ms)
				InitializePlatformSupportModulesInManaged (45ms)
				SetLoadedEditorAssemblies (1ms)
				RefreshPlugins (6ms)
				BeforeProcessingInitializeOnLoad (321ms)
				ProcessInitializeOnLoadAttributes (1171ms)
				ProcessInitializeOnLoadMethodAttributes (238ms)
				AfterProcessingInitializeOnLoad (21ms)
				EditorAssembliesLoaded (0ms)
			ExecutionOrderSort2 (0ms)
			AwakeInstancesAfterBackupRestoration (32ms)
Platform modules already initialized, skipping
Refreshing native plugins compatible for Editor in 8.44 ms, found 13 plugins.
Preloading 1 native plugins for Editor in 0.07 ms.
Unloading 7202 Unused Serialized files (Serialized files now loaded: 0)
Unloading 110 unused Assets / (13.1 MB). Loaded Objects now: 7948.
Memory consumption went from 349.5 MB to 336.4 MB.
Total: 17.269400 ms (FindLiveObjects: 0.879000 ms CreateObjectMapping: 0.777800 ms MarkObjects: 8.038500 ms  DeleteObjects: 7.572800 ms)

AssetImportParameters requested are different than current active one (requested -> active):
  custom:video-decoder-ogg-theora: a1e56fd34408186e4bbccfd4996cb3dc -> 
  custom:container-muxer-webm: aa71ff27fc2769a1b78a27578f13a17b -> 
  custom:container-demuxer-webm: 4f35f7cbe854078d1ac9338744f61a02 -> 
  custom:video-encoder-webm-vp8: eb34c28f22e8b96e1ab97ce403110664 -> 
  custom:audio-encoder-webm-vorbis: bf7c407c2cedff20999df2af8eb42d56 -> 
  custom:framework-win-MediaFoundation: 216162199b28c13a410421893ffa2e32 -> 
  custom:container-demuxer-ogg: 62fdf1f143b41e24485cea50d1cbac27 -> 
  custom:video-decoder-webm-vp8: 9c59270c3fd7afecdb556c50c9e8de78 -> 
  custom:audio-decoder-ogg-vorbis: bf7c407c2cedff20999df2af8eb42d56 -> 
========================================================================
Received Prepare
Registering precompiled user dll's ...
Registered in 0.016052 seconds.
Begin MonoManager ReloadAssembly
Symbol file LoadedFromMemory doesn't match image D:\BH_Sotusei_NewGit6\New6_Sotugyouseisaku_10\Library\PackageCache\com.unity.visualscripting@1.7.6\Editor\VisualScripting.Core\Dependencies\DotNetZip\Unity.VisualScripting.IonicZip.dll
Symbol file LoadedFromMemory doesn't match image D:\BH_Sotusei_NewGit6\New6_Sotugyouseisaku_10\Library\PackageCache\com.unity.visualscripting@1.7.6\Editor\VisualScripting.Core\Dependencies\YamlDotNet\Unity.VisualScripting.YamlDotNet.dll
Native extension for WindowsStandalone target not found
Native extension for Android target not found
Refreshing native plugins compatible for Editor in 3.99 ms, found 13 plugins.
Preloading 1 native plugins for Editor in 0.13 ms.
System.Reflection.TargetInvocationException: Exception has been thrown by the target of an invocation. ---> System.NullReferenceException: Object reference not set to an instance of an object
  at Unity.XR.Oculus.OculusLoader.AssetPathToAbsolutePath (System.String assetPath) [0x00041] in D:\BH_Sotusei_NewGit6\New6_Sotugyouseisaku_10\Library\PackageCache\com.unity.xr.oculus@3.0.2\Runtime\OculusLoader.cs:271 
  at Unity.XR.Oculus.OculusLoader.EditorLoadOVRPlugin () [0x000b0] in D:\BH_Sotusei_NewGit6\New6_Sotugyouseisaku_10\Library\PackageCache\com.unity.xr.oculus@3.0.2\Runtime\OculusLoader.cs:256 
  at (wrapper managed-to-native) System.Reflection.RuntimeMethodInfo.InternalInvoke(System.Reflection.RuntimeMethodInfo,object,object[],System.Exception&)
  at System.Reflection.RuntimeMethodInfo.Invoke (System.Object obj, System.Reflection.BindingFlags invokeAttr, System.Reflection.Binder binder, System.Object[] parameters, System.Globalization.CultureInfo culture) [0x0006a] in <6073cf49ed704e958b8a66d540dea948>:0 
   --- End of inner exception stack trace ---
  at System.Reflection.RuntimeMethodInfo.Invoke (System.Object obj, System.Reflection.BindingFlags invokeAttr, System.Reflection.Binder binder, System.Object[] parameters, System.Globalization.CultureInfo culture) [0x00083] in <6073cf49ed704e958b8a66d540dea948>:0 
  at System.Reflection.MethodBase.Invoke (System.Object obj, System.Object[] parameters) [0x00000] in <6073cf49ed704e958b8a66d540dea948>:0 
  at UnityEditor.EditorAssemblies.ProcessInitializeOnLoadMethodAttributes () [0x000a5] in <1f61d5eefcc74dff84f661b4a4dc8479>:0 
UnityEngine.StackTraceUtility:ExtractStackTrace ()
UnityEngine.DebugLogHandler:LogFormat (UnityEngine.LogType,UnityEngine.Object,string,object[])
UnityEngine.Logger:Log (UnityEngine.LogType,object)
UnityEngine.Debug:LogError (object)
UnityEditor.EditorAssemblies:ProcessInitializeOnLoadMethodAttributes ()

Mono: successfully reloaded assembly
- Completed reload, in  4.132 seconds
Domain Reload Profiling:
	ReloadAssembly (4135ms)
		BeginReloadAssembly (375ms)
			ExecutionOrderSort (0ms)
			DisableScriptedObjects (10ms)
			BackupInstance (0ms)
			ReleaseScriptingObjects (0ms)
			CreateAndSetChildDomain (136ms)
		EndReloadAssembly (3525ms)
			LoadAssemblies (234ms)
			RebuildTransferFunctionScriptingTraits (0ms)
			SetupTypeCache (745ms)
			ReleaseScriptCaches (7ms)
			RebuildScriptCaches (127ms)
			SetupLoadedEditorAssemblies (2283ms)
				LogAssemblyErrors (0ms)
				InitializePlatformSupportModulesInManaged (48ms)
				SetLoadedEditorAssemblies (1ms)
				RefreshPlugins (4ms)
				BeforeProcessingInitializeOnLoad (345ms)
				ProcessInitializeOnLoadAttributes (1489ms)
				ProcessInitializeOnLoadMethodAttributes (375ms)
				AfterProcessingInitializeOnLoad (20ms)
				EditorAssembliesLoaded (1ms)
			ExecutionOrderSort2 (0ms)
			AwakeInstancesAfterBackupRestoration (36ms)
Platform modules already initialized, skipping
Refreshing native plugins compatible for Editor in 12.43 ms, found 13 plugins.
Preloading 1 native plugins for Editor in 0.11 ms.
Unloading 7202 Unused Serialized files (Serialized files now loaded: 0)
Unloading 110 unused Assets / (13.1 MB). Loaded Objects now: 7964.
Memory consumption went from 349.6 MB to 336.5 MB.
Total: 16.470000 ms (FindLiveObjects: 0.770700 ms CreateObjectMapping: 1.008500 ms MarkObjects: 6.753100 ms  DeleteObjects: 7.936500 ms)

AssetImportParameters requested are different than current active one (requested -> active):
  custom:video-decoder-ogg-theora: a1e56fd34408186e4bbccfd4996cb3dc -> 
  custom:container-muxer-webm: aa71ff27fc2769a1b78a27578f13a17b -> 
  custom:container-demuxer-webm: 4f35f7cbe854078d1ac9338744f61a02 -> 
  custom:video-encoder-webm-vp8: eb34c28f22e8b96e1ab97ce403110664 -> 
  custom:audio-encoder-webm-vorbis: bf7c407c2cedff20999df2af8eb42d56 -> 
  custom:framework-win-MediaFoundation: 216162199b28c13a410421893ffa2e32 -> 
  custom:container-demuxer-ogg: 62fdf1f143b41e24485cea50d1cbac27 -> 
  custom:video-decoder-webm-vp8: 9c59270c3fd7afecdb556c50c9e8de78 -> 
  custom:audio-decoder-ogg-vorbis: bf7c407c2cedff20999df2af8eb42d56 -> 
========================================================================
Received Prepare
Registering precompiled user dll's ...
Registered in 0.025192 seconds.
Begin MonoManager ReloadAssembly
Symbol file LoadedFromMemory doesn't match image D:\BH_Sotusei_NewGit6\New6_Sotugyouseisaku_10\Library\PackageCache\com.unity.visualscripting@1.7.6\Editor\VisualScripting.Core\Dependencies\DotNetZip\Unity.VisualScripting.IonicZip.dll
Symbol file LoadedFromMemory doesn't match image D:\BH_Sotusei_NewGit6\New6_Sotugyouseisaku_10\Library\PackageCache\com.unity.visualscripting@1.7.6\Editor\VisualScripting.Core\Dependencies\YamlDotNet\Unity.VisualScripting.YamlDotNet.dll
Native extension for WindowsStandalone target not found
Native extension for Android target not found
Refreshing native plugins compatible for Editor in 11.86 ms, found 13 plugins.
Preloading 1 native plugins for Editor in 0.14 ms.
System.Reflection.TargetInvocationException: Exception has been thrown by the target of an invocation. ---> System.NullReferenceException: Object reference not set to an instance of an object
  at Unity.XR.Oculus.OculusLoader.AssetPathToAbsolutePath (System.String assetPath) [0x00041] in D:\BH_Sotusei_NewGit6\New6_Sotugyouseisaku_10\Library\PackageCache\com.unity.xr.oculus@3.0.2\Runtime\OculusLoader.cs:271 
  at Unity.XR.Oculus.OculusLoader.EditorLoadOVRPlugin () [0x000b0] in D:\BH_Sotusei_NewGit6\New6_Sotugyouseisaku_10\Library\PackageCache\com.unity.xr.oculus@3.0.2\Runtime\OculusLoader.cs:256 
  at (wrapper managed-to-native) System.Reflection.RuntimeMethodInfo.InternalInvoke(System.Reflection.RuntimeMethodInfo,object,object[],System.Exception&)
  at System.Reflection.RuntimeMethodInfo.Invoke (System.Object obj, System.Reflection.BindingFlags invokeAttr, System.Reflection.Binder binder, System.Object[] parameters, System.Globalization.CultureInfo culture) [0x0006a] in <6073cf49ed704e958b8a66d540dea948>:0 
   --- End of inner exception stack trace ---
  at System.Reflection.RuntimeMethodInfo.Invoke (System.Object obj, System.Reflection.BindingFlags invokeAttr, System.Reflection.Binder binder, System.Object[] parameters, System.Globalization.CultureInfo culture) [0x00083] in <6073cf49ed704e958b8a66d540dea948>:0 
  at System.Reflection.MethodBase.Invoke (System.Object obj, System.Object[] parameters) [0x00000] in <6073cf49ed704e958b8a66d540dea948>:0 
  at UnityEditor.EditorAssemblies.ProcessInitializeOnLoadMethodAttributes () [0x000a5] in <1f61d5eefcc74dff84f661b4a4dc8479>:0 
UnityEngine.StackTraceUtility:ExtractStackTrace ()
UnityEngine.DebugLogHandler:LogFormat (UnityEngine.LogType,UnityEngine.Object,string,object[])
UnityEngine.Logger:Log (UnityEngine.LogType,object)
UnityEngine.Debug:LogError (object)
UnityEditor.EditorAssemblies:ProcessInitializeOnLoadMethodAttributes ()

Mono: successfully reloaded assembly
- Completed reload, in  4.781 seconds
Domain Reload Profiling:
	ReloadAssembly (4785ms)
		BeginReloadAssembly (381ms)
			ExecutionOrderSort (0ms)
			DisableScriptedObjects (14ms)
			BackupInstance (0ms)
			ReleaseScriptingObjects (0ms)
			CreateAndSetChildDomain (117ms)
		EndReloadAssembly (4124ms)
			LoadAssemblies (270ms)
			RebuildTransferFunctionScriptingTraits (0ms)
			SetupTypeCache (753ms)
			ReleaseScriptCaches (3ms)
			RebuildScriptCaches (185ms)
			SetupLoadedEditorAssemblies (2796ms)
				LogAssemblyErrors (0ms)
				InitializePlatformSupportModulesInManaged (53ms)
				SetLoadedEditorAssemblies (1ms)
				RefreshPlugins (12ms)
				BeforeProcessingInitializeOnLoad (457ms)
				ProcessInitializeOnLoadAttributes (1955ms)
				ProcessInitializeOnLoadMethodAttributes (296ms)
				AfterProcessingInitializeOnLoad (21ms)
				EditorAssembliesLoaded (1ms)
			ExecutionOrderSort2 (0ms)
			AwakeInstancesAfterBackupRestoration (32ms)
Platform modules already initialized, skipping
Refreshing native plugins compatible for Editor in 13.86 ms, found 13 plugins.
Preloading 1 native plugins for Editor in 0.08 ms.
Unloading 7202 Unused Serialized files (Serialized files now loaded: 0)
Unloading 110 unused Assets / (13.1 MB). Loaded Objects now: 7980.
Memory consumption went from 349.6 MB to 336.5 MB.
Total: 20.223900 ms (FindLiveObjects: 0.699200 ms CreateObjectMapping: 0.743600 ms MarkObjects: 11.132700 ms  DeleteObjects: 7.646700 ms)

AssetImportParameters requested are different than current active one (requested -> active):
  custom:video-decoder-ogg-theora: a1e56fd34408186e4bbccfd4996cb3dc -> 
  custom:container-muxer-webm: aa71ff27fc2769a1b78a27578f13a17b -> 
  custom:container-demuxer-webm: 4f35f7cbe854078d1ac9338744f61a02 -> 
  custom:video-encoder-webm-vp8: eb34c28f22e8b96e1ab97ce403110664 -> 
  custom:audio-encoder-webm-vorbis: bf7c407c2cedff20999df2af8eb42d56 -> 
  custom:framework-win-MediaFoundation: 216162199b28c13a410421893ffa2e32 -> 
  custom:container-demuxer-ogg: 62fdf1f143b41e24485cea50d1cbac27 -> 
  custom:video-decoder-webm-vp8: 9c59270c3fd7afecdb556c50c9e8de78 -> 
  custom:audio-decoder-ogg-vorbis: bf7c407c2cedff20999df2af8eb42d56 -> 
========================================================================
Received Prepare
Registering precompiled user dll's ...
Registered in 0.016137 seconds.
Begin MonoManager ReloadAssembly
Symbol file LoadedFromMemory doesn't match image D:\BH_Sotusei_NewGit6\New6_Sotugyouseisaku_10\Library\PackageCache\com.unity.visualscripting@1.7.6\Editor\VisualScripting.Core\Dependencies\DotNetZip\Unity.VisualScripting.IonicZip.dll
Symbol file LoadedFromMemory doesn't match image D:\BH_Sotusei_NewGit6\New6_Sotugyouseisaku_10\Library\PackageCache\com.unity.visualscripting@1.7.6\Editor\VisualScripting.Core\Dependencies\YamlDotNet\Unity.VisualScripting.YamlDotNet.dll
Native extension for WindowsStandalone target not found
Native extension for Android target not found
Refreshing native plugins compatible for Editor in 2.70 ms, found 13 plugins.
Preloading 1 native plugins for Editor in 0.10 ms.
System.Reflection.TargetInvocationException: Exception has been thrown by the target of an invocation. ---> System.NullReferenceException: Object reference not set to an instance of an object
  at Unity.XR.Oculus.OculusLoader.AssetPathToAbsolutePath (System.String assetPath) [0x00041] in D:\BH_Sotusei_NewGit6\New6_Sotugyouseisaku_10\Library\PackageCache\com.unity.xr.oculus@3.0.2\Runtime\OculusLoader.cs:271 
  at Unity.XR.Oculus.OculusLoader.EditorLoadOVRPlugin () [0x000b0] in D:\BH_Sotusei_NewGit6\New6_Sotugyouseisaku_10\Library\PackageCache\com.unity.xr.oculus@3.0.2\Runtime\OculusLoader.cs:256 
  at (wrapper managed-to-native) System.Reflection.RuntimeMethodInfo.InternalInvoke(System.Reflection.RuntimeMethodInfo,object,object[],System.Exception&)
  at System.Reflection.RuntimeMethodInfo.Invoke (System.Object obj, System.Reflection.BindingFlags invokeAttr, System.Reflection.Binder binder, System.Object[] parameters, System.Globalization.CultureInfo culture) [0x0006a] in <6073cf49ed704e958b8a66d540dea948>:0 
   --- End of inner exception stack trace ---
  at System.Reflection.RuntimeMethodInfo.Invoke (System.Object obj, System.Reflection.BindingFlags invokeAttr, System.Reflection.Binder binder, System.Object[] parameters, System.Globalization.CultureInfo culture) [0x00083] in <6073cf49ed704e958b8a66d540dea948>:0 
  at System.Reflection.MethodBase.Invoke (System.Object obj, System.Object[] parameters) [0x00000] in <6073cf49ed704e958b8a66d540dea948>:0 
  at UnityEditor.EditorAssemblies.ProcessInitializeOnLoadMethodAttributes () [0x000a5] in <1f61d5eefcc74dff84f661b4a4dc8479>:0 
UnityEngine.StackTraceUtility:ExtractStackTrace ()
UnityEngine.DebugLogHandler:LogFormat (UnityEngine.LogType,UnityEngine.Object,string,object[])
UnityEngine.Logger:Log (UnityEngine.LogType,object)
UnityEngine.Debug:LogError (object)
UnityEditor.EditorAssemblies:ProcessInitializeOnLoadMethodAttributes ()

Mono: successfully reloaded assembly
- Completed reload, in  4.011 seconds
Domain Reload Profiling:
	ReloadAssembly (4012ms)
		BeginReloadAssembly (376ms)
			ExecutionOrderSort (0ms)
			DisableScriptedObjects (7ms)
			BackupInstance (0ms)
			ReleaseScriptingObjects (0ms)
			CreateAndSetChildDomain (124ms)
		EndReloadAssembly (3394ms)
			LoadAssemblies (229ms)
			RebuildTransferFunctionScriptingTraits (0ms)
			SetupTypeCache (753ms)
			ReleaseScriptCaches (3ms)
			RebuildScriptCaches (141ms)
			SetupLoadedEditorAssemblies (2171ms)
				LogAssemblyErrors (0ms)
				InitializePlatformSupportModulesInManaged (39ms)
				SetLoadedEditorAssemblies (1ms)
				RefreshPlugins (3ms)
				BeforeProcessingInitializeOnLoad (402ms)
				ProcessInitializeOnLoadAttributes (1417ms)
				ProcessInitializeOnLoadMethodAttributes (291ms)
				AfterProcessingInitializeOnLoad (18ms)
				EditorAssembliesLoaded (0ms)
			ExecutionOrderSort2 (0ms)
			AwakeInstancesAfterBackupRestoration (27ms)
Platform modules already initialized, skipping
Refreshing native plugins compatible for Editor in 8.12 ms, found 13 plugins.
Preloading 1 native plugins for Editor in 0.07 ms.
Unloading 7202 Unused Serialized files (Serialized files now loaded: 0)
Unloading 110 unused Assets / (13.1 MB). Loaded Objects now: 7996.
Memory consumption went from 349.7 MB to 336.5 MB.
Total: 15.469000 ms (FindLiveObjects: 0.704700 ms CreateObjectMapping: 0.712800 ms MarkObjects: 5.019900 ms  DeleteObjects: 9.030300 ms)

AssetImportParameters requested are different than current active one (requested -> active):
  custom:video-decoder-ogg-theora: a1e56fd34408186e4bbccfd4996cb3dc -> 
  custom:container-muxer-webm: aa71ff27fc2769a1b78a27578f13a17b -> 
  custom:container-demuxer-webm: 4f35f7cbe854078d1ac9338744f61a02 -> 
  custom:video-encoder-webm-vp8: eb34c28f22e8b96e1ab97ce403110664 -> 
  custom:audio-encoder-webm-vorbis: bf7c407c2cedff20999df2af8eb42d56 -> 
  custom:framework-win-MediaFoundation: 216162199b28c13a410421893ffa2e32 -> 
  custom:container-demuxer-ogg: 62fdf1f143b41e24485cea50d1cbac27 -> 
  custom:video-decoder-webm-vp8: 9c59270c3fd7afecdb556c50c9e8de78 -> 
  custom:audio-decoder-ogg-vorbis: bf7c407c2cedff20999df2af8eb42d56 -> 
========================================================================
Received Prepare
Registering precompiled user dll's ...
Registered in 0.010931 seconds.
Begin MonoManager ReloadAssembly
Symbol file LoadedFromMemory doesn't match image D:\BH_Sotusei_NewGit6\New6_Sotugyouseisaku_10\Library\PackageCache\com.unity.visualscripting@1.7.6\Editor\VisualScripting.Core\Dependencies\DotNetZip\Unity.VisualScripting.IonicZip.dll
Symbol file LoadedFromMemory doesn't match image D:\BH_Sotusei_NewGit6\New6_Sotugyouseisaku_10\Library\PackageCache\com.unity.visualscripting@1.7.6\Editor\VisualScripting.Core\Dependencies\YamlDotNet\Unity.VisualScripting.YamlDotNet.dll
Native extension for WindowsStandalone target not found
Native extension for Android target not found
Refreshing native plugins compatible for Editor in 3.03 ms, found 13 plugins.
Preloading 1 native plugins for Editor in 0.08 ms.
System.Reflection.TargetInvocationException: Exception has been thrown by the target of an invocation. ---> System.NullReferenceException: Object reference not set to an instance of an object
  at Unity.XR.Oculus.OculusLoader.AssetPathToAbsolutePath (System.String assetPath) [0x00041] in D:\BH_Sotusei_NewGit6\New6_Sotugyouseisaku_10\Library\PackageCache\com.unity.xr.oculus@3.0.2\Runtime\OculusLoader.cs:271 
  at Unity.XR.Oculus.OculusLoader.EditorLoadOVRPlugin () [0x000b0] in D:\BH_Sotusei_NewGit6\New6_Sotugyouseisaku_10\Library\PackageCache\com.unity.xr.oculus@3.0.2\Runtime\OculusLoader.cs:256 
  at (wrapper managed-to-native) System.Reflection.RuntimeMethodInfo.InternalInvoke(System.Reflection.RuntimeMethodInfo,object,object[],System.Exception&)
  at System.Reflection.RuntimeMethodInfo.Invoke (System.Object obj, System.Reflection.BindingFlags invokeAttr, System.Reflection.Binder binder, System.Object[] parameters, System.Globalization.CultureInfo culture) [0x0006a] in <6073cf49ed704e958b8a66d540dea948>:0 
   --- End of inner exception stack trace ---
  at System.Reflection.RuntimeMethodInfo.Invoke (System.Object obj, System.Reflection.BindingFlags invokeAttr, System.Reflection.Binder binder, System.Object[] parameters, System.Globalization.CultureInfo culture) [0x00083] in <6073cf49ed704e958b8a66d540dea948>:0 
  at System.Reflection.MethodBase.Invoke (System.Object obj, System.Object[] parameters) [0x00000] in <6073cf49ed704e958b8a66d540dea948>:0 
  at UnityEditor.EditorAssemblies.ProcessInitializeOnLoadMethodAttributes () [0x000a5] in <1f61d5eefcc74dff84f661b4a4dc8479>:0 
UnityEngine.StackTraceUtility:ExtractStackTrace ()
UnityEngine.DebugLogHandler:LogFormat (UnityEngine.LogType,UnityEngine.Object,string,object[])
UnityEngine.Logger:Log (UnityEngine.LogType,object)
UnityEngine.Debug:LogError (object)
UnityEditor.EditorAssemblies:ProcessInitializeOnLoadMethodAttributes ()

Mono: successfully reloaded assembly
- Completed reload, in  2.676 seconds
Domain Reload Profiling:
	ReloadAssembly (2678ms)
		BeginReloadAssembly (221ms)
			ExecutionOrderSort (0ms)
			DisableScriptedObjects (7ms)
			BackupInstance (0ms)
			ReleaseScriptingObjects (0ms)
			CreateAndSetChildDomain (64ms)
		EndReloadAssembly (2319ms)
			LoadAssemblies (161ms)
			RebuildTransferFunctionScriptingTraits (0ms)
			SetupTypeCache (446ms)
			ReleaseScriptCaches (4ms)
			RebuildScriptCaches (115ms)
			SetupLoadedEditorAssemblies (1493ms)
				LogAssemblyErrors (0ms)
				InitializePlatformSupportModulesInManaged (35ms)
				SetLoadedEditorAssemblies (1ms)
				RefreshPlugins (3ms)
				BeforeProcessingInitializeOnLoad (261ms)
				ProcessInitializeOnLoadAttributes (988ms)
				ProcessInitializeOnLoadMethodAttributes (191ms)
				AfterProcessingInitializeOnLoad (14ms)
				EditorAssembliesLoaded (0ms)
			ExecutionOrderSort2 (0ms)
			AwakeInstancesAfterBackupRestoration (26ms)
Platform modules already initialized, skipping
Refreshing native plugins compatible for Editor in 9.24 ms, found 13 plugins.
Preloading 1 native plugins for Editor in 0.08 ms.
Unloading 7202 Unused Serialized files (Serialized files now loaded: 0)
Unloading 110 unused Assets / (13.1 MB). Loaded Objects now: 8012.
Memory consumption went from 349.7 MB to 336.6 MB.
Total: 14.377900 ms (FindLiveObjects: 0.678000 ms CreateObjectMapping: 0.724300 ms MarkObjects: 5.994200 ms  DeleteObjects: 6.980100 ms)

AssetImportParameters requested are different than current active one (requested -> active):
  custom:video-decoder-ogg-theora: a1e56fd34408186e4bbccfd4996cb3dc -> 
  custom:container-muxer-webm: aa71ff27fc2769a1b78a27578f13a17b -> 
  custom:container-demuxer-webm: 4f35f7cbe854078d1ac9338744f61a02 -> 
  custom:video-encoder-webm-vp8: eb34c28f22e8b96e1ab97ce403110664 -> 
  custom:audio-encoder-webm-vorbis: bf7c407c2cedff20999df2af8eb42d56 -> 
  custom:framework-win-MediaFoundation: 216162199b28c13a410421893ffa2e32 -> 
  custom:container-demuxer-ogg: 62fdf1f143b41e24485cea50d1cbac27 -> 
  custom:video-decoder-webm-vp8: 9c59270c3fd7afecdb556c50c9e8de78 -> 
  custom:audio-decoder-ogg-vorbis: bf7c407c2cedff20999df2af8eb42d56 -> 
